{
  "/Users/oliver/GitHub/newth-project/lint-staged.config.cjs": {
    "path": "/Users/oliver/GitHub/newth-project/lint-staged.config.cjs",
    "all": true,
    "statementMap": {
      "0": { "start": { "line": 1, "column": 0 }, "end": { "line": 1, "column": 18 } },
      "1": { "start": { "line": 2, "column": 0 }, "end": { "line": 2, "column": 63 } },
      "2": { "start": { "line": 3, "column": 0 }, "end": { "line": 3, "column": 45 } },
      "3": { "start": { "line": 4, "column": 0 }, "end": { "line": 4, "column": 1 } }
    },
    "s": { "0": 0, "1": 0, "2": 0, "3": 0 },
    "branchMap": {
      "0": {
        "type": "branch",
        "line": 1,
        "loc": { "start": { "line": 1, "column": 130 }, "end": { "line": 4, "column": 1 } },
        "locations": [{ "start": { "line": 1, "column": 130 }, "end": { "line": 4, "column": 1 } }]
      }
    },
    "b": { "0": [0] },
    "fnMap": {
      "0": {
        "name": "(empty-report)",
        "decl": { "start": { "line": 1, "column": 130 }, "end": { "line": 4, "column": 1 } },
        "loc": { "start": { "line": 1, "column": 130 }, "end": { "line": 4, "column": 1 } },
        "line": 1
      }
    },
    "f": { "0": 0 }
  },
  "/Users/oliver/GitHub/newth-project/postcss.config.cjs": {
    "path": "/Users/oliver/GitHub/newth-project/postcss.config.cjs",
    "all": true,
    "statementMap": {
      "0": { "start": { "line": 1, "column": 0 }, "end": { "line": 1, "column": 18 } },
      "1": { "start": { "line": 2, "column": 0 }, "end": { "line": 2, "column": 12 } },
      "2": { "start": { "line": 3, "column": 0 }, "end": { "line": 3, "column": 31 } },
      "3": { "start": { "line": 4, "column": 0 }, "end": { "line": 4, "column": 21 } },
      "4": { "start": { "line": 5, "column": 0 }, "end": { "line": 5, "column": 4 } },
      "5": { "start": { "line": 6, "column": 0 }, "end": { "line": 6, "column": 1 } }
    },
    "s": { "0": 0, "1": 0, "2": 0, "3": 0, "4": 0, "5": 0 },
    "branchMap": {
      "0": {
        "type": "branch",
        "line": 1,
        "loc": { "start": { "line": 1, "column": 92 }, "end": { "line": 6, "column": 1 } },
        "locations": [{ "start": { "line": 1, "column": 92 }, "end": { "line": 6, "column": 1 } }]
      }
    },
    "b": { "0": [0] },
    "fnMap": {
      "0": {
        "name": "(empty-report)",
        "decl": { "start": { "line": 1, "column": 92 }, "end": { "line": 6, "column": 1 } },
        "loc": { "start": { "line": 1, "column": 92 }, "end": { "line": 6, "column": 1 } },
        "line": 1
      }
    },
    "f": { "0": 0 }
  },
  "/Users/oliver/GitHub/newth-project/tailwind.config.js": {
    "path": "/Users/oliver/GitHub/newth-project/tailwind.config.js",
    "all": true,
    "statementMap": {
      "0": { "start": { "line": 1, "column": 0 }, "end": { "line": 1, "column": 43 } },
      "1": { "start": { "line": 2, "column": 0 }, "end": { "line": 2, "column": 18 } },
      "2": { "start": { "line": 3, "column": 0 }, "end": { "line": 3, "column": 20 } },
      "3": { "start": { "line": 4, "column": 0 }, "end": { "line": 4, "column": 58 } },
      "4": { "start": { "line": 5, "column": 0 }, "end": { "line": 5, "column": 10 } },
      "5": { "start": { "line": 6, "column": 0 }, "end": { "line": 6, "column": 13 } },
      "6": { "start": { "line": 7, "column": 0 }, "end": { "line": 7, "column": 15 } },
      "7": { "start": { "line": 8, "column": 0 }, "end": { "line": 8, "column": 40 } },
      "8": { "start": { "line": 9, "column": 0 }, "end": { "line": 9, "column": 40 } },
      "9": { "start": { "line": 10, "column": 0 }, "end": { "line": 10, "column": 28 } },
      "10": { "start": { "line": 11, "column": 0 }, "end": { "line": 11, "column": 52 } },
      "11": { "start": { "line": 12, "column": 0 }, "end": { "line": 12, "column": 32 } },
      "12": { "start": { "line": 13, "column": 0 }, "end": { "line": 13, "column": 30 } },
      "13": { "start": { "line": 14, "column": 0 }, "end": { "line": 14, "column": 28 } },
      "14": { "start": { "line": 15, "column": 0 }, "end": { "line": 15, "column": 34 } },
      "15": { "start": { "line": 16, "column": 0 }, "end": { "line": 16, "column": 58 } },
      "16": { "start": { "line": 17, "column": 0 }, "end": { "line": 17, "column": 38 } },
      "17": { "start": { "line": 18, "column": 0 }, "end": { "line": 18, "column": 62 } },
      "18": { "start": { "line": 19, "column": 0 }, "end": { "line": 19, "column": 30 } },
      "19": { "start": { "line": 20, "column": 0 }, "end": { "line": 20, "column": 54 } },
      "20": { "start": { "line": 21, "column": 0 }, "end": { "line": 21, "column": 32 } },
      "21": { "start": { "line": 22, "column": 0 }, "end": { "line": 22, "column": 56 } },
      "22": { "start": { "line": 23, "column": 0 }, "end": { "line": 23, "column": 42 } },
      "23": { "start": { "line": 24, "column": 0 }, "end": { "line": 24, "column": 8 } },
      "24": { "start": { "line": 25, "column": 0 }, "end": { "line": 25, "column": 21 } },
      "25": { "start": { "line": 26, "column": 0 }, "end": { "line": 26, "column": 31 } },
      "26": { "start": { "line": 27, "column": 0 }, "end": { "line": 27, "column": 31 } },
      "27": { "start": { "line": 28, "column": 0 }, "end": { "line": 28, "column": 31 } },
      "28": { "start": { "line": 29, "column": 0 }, "end": { "line": 29, "column": 31 } },
      "29": { "start": { "line": 30, "column": 0 }, "end": { "line": 30, "column": 8 } },
      "30": { "start": { "line": 31, "column": 0 }, "end": { "line": 31, "column": 6 } },
      "31": { "start": { "line": 32, "column": 0 }, "end": { "line": 32, "column": 4 } },
      "32": { "start": { "line": 33, "column": 0 }, "end": { "line": 33, "column": 14 } },
      "33": { "start": { "line": 34, "column": 0 }, "end": { "line": 34, "column": 1 } }
    },
    "s": {
      "0": 0,
      "1": 0,
      "2": 0,
      "3": 0,
      "4": 0,
      "5": 0,
      "6": 0,
      "7": 0,
      "8": 0,
      "9": 0,
      "10": 0,
      "11": 0,
      "12": 0,
      "13": 0,
      "14": 0,
      "15": 0,
      "16": 0,
      "17": 0,
      "18": 0,
      "19": 0,
      "20": 0,
      "21": 0,
      "22": 0,
      "23": 0,
      "24": 0,
      "25": 0,
      "26": 0,
      "27": 0,
      "28": 0,
      "29": 0,
      "30": 0,
      "31": 0,
      "32": 0,
      "33": 0
    },
    "branchMap": {
      "0": {
        "type": "branch",
        "line": 1,
        "loc": { "start": { "line": 1, "column": 1052 }, "end": { "line": 34, "column": 1 } },
        "locations": [
          { "start": { "line": 1, "column": 1052 }, "end": { "line": 34, "column": 1 } }
        ]
      }
    },
    "b": { "0": [0] },
    "fnMap": {
      "0": {
        "name": "(empty-report)",
        "decl": { "start": { "line": 1, "column": 1052 }, "end": { "line": 34, "column": 1 } },
        "loc": { "start": { "line": 1, "column": 1052 }, "end": { "line": 34, "column": 1 } },
        "line": 1
      }
    },
    "f": { "0": 0 }
  },
  "/Users/oliver/GitHub/newth-project/api/weather.js": {
    "path": "/Users/oliver/GitHub/newth-project/api/weather.js",
    "all": true,
    "statementMap": {
      "0": { "start": { "line": 1, "column": 0 }, "end": { "line": 1, "column": 46 } },
      "1": { "start": { "line": 2, "column": 0 }, "end": { "line": 2, "column": 49 } },
      "2": { "start": { "line": 3, "column": 0 }, "end": { "line": 3, "column": 28 } },
      "3": { "start": { "line": 4, "column": 0 }, "end": { "line": 4, "column": 29 } },
      "4": { "start": { "line": 5, "column": 0 }, "end": { "line": 5, "column": 64 } },
      "5": { "start": { "line": 6, "column": 0 }, "end": { "line": 6, "column": 3 } },
      "7": { "start": { "line": 8, "column": 0 }, "end": { "line": 8, "column": 28 } },
      "9": { "start": { "line": 10, "column": 0 }, "end": { "line": 10, "column": 14 } },
      "10": { "start": { "line": 11, "column": 0 }, "end": { "line": 11, "column": 72 } },
      "11": { "start": { "line": 12, "column": 0 }, "end": { "line": 12, "column": 3 } },
      "13": { "start": { "line": 14, "column": 0 }, "end": { "line": 14, "column": 80 } },
      "14": { "start": { "line": 15, "column": 0 }, "end": { "line": 15, "column": 61 } },
      "16": { "start": { "line": 17, "column": 0 }, "end": { "line": 17, "column": 29 } },
      "17": { "start": { "line": 18, "column": 0 }, "end": { "line": 18, "column": 76 } },
      "18": { "start": { "line": 19, "column": 0 }, "end": { "line": 19, "column": 3 } },
      "20": { "start": { "line": 21, "column": 0 }, "end": { "line": 21, "column": 28 } },
      "21": { "start": { "line": 22, "column": 0 }, "end": { "line": 22, "column": 43 } },
      "22": { "start": { "line": 23, "column": 0 }, "end": { "line": 23, "column": 56 } },
      "23": { "start": { "line": 24, "column": 0 }, "end": { "line": 24, "column": 51 } },
      "24": { "start": { "line": 25, "column": 0 }, "end": { "line": 25, "column": 54 } },
      "25": { "start": { "line": 26, "column": 0 }, "end": { "line": 26, "column": 3 } },
      "27": { "start": { "line": 28, "column": 0 }, "end": { "line": 28, "column": 44 } },
      "28": { "start": { "line": 29, "column": 0 }, "end": { "line": 29, "column": 21 } },
      "29": { "start": { "line": 30, "column": 0 }, "end": { "line": 30, "column": 85 } },
      "30": { "start": { "line": 31, "column": 0 }, "end": { "line": 31, "column": 3 } },
      "32": { "start": { "line": 33, "column": 0 }, "end": { "line": 33, "column": 7 } },
      "33": { "start": { "line": 34, "column": 0 }, "end": { "line": 34, "column": 141 } },
      "35": { "start": { "line": 36, "column": 0 }, "end": { "line": 36, "column": 37 } },
      "37": { "start": { "line": 38, "column": 0 }, "end": { "line": 38, "column": 23 } },
      "38": { "start": { "line": 39, "column": 0 }, "end": { "line": 39, "column": 69 } },
      "39": { "start": { "line": 40, "column": 0 }, "end": { "line": 40, "column": 5 } },
      "41": { "start": { "line": 42, "column": 0 }, "end": { "line": 42, "column": 38 } },
      "43": { "start": { "line": 44, "column": 0 }, "end": { "line": 44, "column": 60 } },
      "44": { "start": { "line": 45, "column": 0 }, "end": { "line": 45, "column": 24 } },
      "46": { "start": { "line": 47, "column": 0 }, "end": { "line": 47, "column": 33 } },
      "47": { "start": { "line": 48, "column": 0 }, "end": { "line": 48, "column": 71 } },
      "48": { "start": { "line": 49, "column": 0 }, "end": { "line": 49, "column": 61 } },
      "49": { "start": { "line": 50, "column": 0 }, "end": { "line": 50, "column": 61 } },
      "50": { "start": { "line": 51, "column": 0 }, "end": { "line": 51, "column": 23 } },
      "51": { "start": { "line": 52, "column": 0 }, "end": { "line": 52, "column": 98 } },
      "52": { "start": { "line": 53, "column": 0 }, "end": { "line": 53, "column": 91 } },
      "54": { "start": { "line": 55, "column": 0 }, "end": { "line": 55, "column": 29 } },
      "55": { "start": { "line": 56, "column": 0 }, "end": { "line": 56, "column": 27 } },
      "56": { "start": { "line": 57, "column": 0 }, "end": { "line": 57, "column": 15 } },
      "57": { "start": { "line": 58, "column": 0 }, "end": { "line": 58, "column": 18 } },
      "58": { "start": { "line": 59, "column": 0 }, "end": { "line": 59, "column": 18 } },
      "59": { "start": { "line": 60, "column": 0 }, "end": { "line": 60, "column": 34 } },
      "60": { "start": { "line": 61, "column": 0 }, "end": { "line": 61, "column": 24 } },
      "61": { "start": { "line": 62, "column": 0 }, "end": { "line": 62, "column": 9 } },
      "62": { "start": { "line": 63, "column": 0 }, "end": { "line": 63, "column": 14 } },
      "63": { "start": { "line": 64, "column": 0 }, "end": { "line": 64, "column": 76 } },
      "64": { "start": { "line": 65, "column": 0 }, "end": { "line": 65, "column": 76 } },
      "65": { "start": { "line": 66, "column": 0 }, "end": { "line": 66, "column": 62 } },
      "66": { "start": { "line": 67, "column": 0 }, "end": { "line": 67, "column": 52 } },
      "67": { "start": { "line": 68, "column": 0 }, "end": { "line": 68, "column": 9 } },
      "68": { "start": { "line": 69, "column": 0 }, "end": { "line": 69, "column": 94 } },
      "69": { "start": { "line": 70, "column": 0 }, "end": { "line": 70, "column": 7 } },
      "70": { "start": { "line": 71, "column": 0 }, "end": { "line": 71, "column": 6 } },
      "72": { "start": { "line": 73, "column": 0 }, "end": { "line": 73, "column": 42 } },
      "73": { "start": { "line": 74, "column": 0 }, "end": { "line": 74, "column": 19 } },
      "74": { "start": { "line": 75, "column": 0 }, "end": { "line": 75, "column": 22 } },
      "75": { "start": { "line": 76, "column": 0 }, "end": { "line": 76, "column": 23 } },
      "76": { "start": { "line": 77, "column": 0 }, "end": { "line": 77, "column": 29 } },
      "77": { "start": { "line": 78, "column": 0 }, "end": { "line": 78, "column": 29 } },
      "78": { "start": { "line": 79, "column": 0 }, "end": { "line": 79, "column": 37 } },
      "79": { "start": { "line": 80, "column": 0 }, "end": { "line": 80, "column": 41 } },
      "80": { "start": { "line": 81, "column": 0 }, "end": { "line": 81, "column": 9 } },
      "82": { "start": { "line": 83, "column": 0 }, "end": { "line": 83, "column": 33 } },
      "83": { "start": { "line": 84, "column": 0 }, "end": { "line": 84, "column": 11 } },
      "84": { "start": { "line": 85, "column": 0 }, "end": { "line": 85, "column": 12 } },
      "85": { "start": { "line": 86, "column": 0 }, "end": { "line": 86, "column": 6 } },
      "86": { "start": { "line": 87, "column": 0 }, "end": { "line": 87, "column": 19 } },
      "87": { "start": { "line": 88, "column": 0 }, "end": { "line": 88, "column": 46 } },
      "88": { "start": { "line": 89, "column": 0 }, "end": { "line": 89, "column": 74 } },
      "89": { "start": { "line": 90, "column": 0 }, "end": { "line": 90, "column": 3 } },
      "90": { "start": { "line": 91, "column": 0 }, "end": { "line": 91, "column": 1 } }
    },
    "s": {
      "0": 0,
      "1": 0,
      "2": 0,
      "3": 0,
      "4": 0,
      "5": 0,
      "7": 0,
      "9": 0,
      "10": 0,
      "11": 0,
      "13": 0,
      "14": 0,
      "16": 0,
      "17": 0,
      "18": 0,
      "20": 0,
      "21": 0,
      "22": 0,
      "23": 0,
      "24": 0,
      "25": 0,
      "27": 0,
      "28": 0,
      "29": 0,
      "30": 0,
      "32": 0,
      "33": 0,
      "35": 0,
      "37": 0,
      "38": 0,
      "39": 0,
      "41": 0,
      "43": 0,
      "44": 0,
      "46": 0,
      "47": 0,
      "48": 0,
      "49": 0,
      "50": 0,
      "51": 0,
      "52": 0,
      "54": 0,
      "55": 0,
      "56": 0,
      "57": 0,
      "58": 0,
      "59": 0,
      "60": 0,
      "61": 0,
      "62": 0,
      "63": 0,
      "64": 0,
      "65": 0,
      "66": 0,
      "67": 0,
      "68": 0,
      "69": 0,
      "70": 0,
      "72": 0,
      "73": 0,
      "74": 0,
      "75": 0,
      "76": 0,
      "77": 0,
      "78": 0,
      "79": 0,
      "80": 0,
      "82": 0,
      "83": 0,
      "84": 0,
      "85": 0,
      "86": 0,
      "87": 0,
      "88": 0,
      "89": 0,
      "90": 0
    },
    "branchMap": {
      "0": {
        "type": "branch",
        "line": 1,
        "loc": { "start": { "line": 1, "column": 2931 }, "end": { "line": 91, "column": 1 } },
        "locations": [
          { "start": { "line": 1, "column": 2931 }, "end": { "line": 91, "column": 1 } }
        ]
      }
    },
    "b": { "0": [0] },
    "fnMap": {
      "0": {
        "name": "(empty-report)",
        "decl": { "start": { "line": 1, "column": 2931 }, "end": { "line": 91, "column": 1 } },
        "loc": { "start": { "line": 1, "column": 2931 }, "end": { "line": 91, "column": 1 } },
        "line": 1
      }
    },
    "f": { "0": 0 }
  },
  "/Users/oliver/GitHub/newth-project/scripts/create-widget.mjs": {
    "path": "/Users/oliver/GitHub/newth-project/scripts/create-widget.mjs",
    "all": true,
    "statementMap": {
      "0": { "start": { "line": 1, "column": 0 }, "end": { "line": 1, "column": 19 } },
      "2": { "start": { "line": 3, "column": 0 }, "end": { "line": 3, "column": 40 } },
      "3": { "start": { "line": 4, "column": 0 }, "end": { "line": 4, "column": 71 } },
      "5": { "start": { "line": 6, "column": 0 }, "end": { "line": 6, "column": 46 } },
      "6": { "start": { "line": 7, "column": 0 }, "end": { "line": 7, "column": 34 } },
      "8": { "start": { "line": 9, "column": 0 }, "end": { "line": 9, "column": 18 } },
      "9": { "start": { "line": 10, "column": 0 }, "end": { "line": 10, "column": 49 } },
      "10": { "start": { "line": 11, "column": 0 }, "end": { "line": 11, "column": 56 } },
      "11": { "start": { "line": 12, "column": 0 }, "end": { "line": 12, "column": 62 } },
      "12": { "start": { "line": 13, "column": 0 }, "end": { "line": 13, "column": 17 } },
      "13": { "start": { "line": 14, "column": 0 }, "end": { "line": 14, "column": 1 } },
      "15": { "start": { "line": 16, "column": 0 }, "end": { "line": 16, "column": 35 } },
      "16": { "start": { "line": 17, "column": 0 }, "end": { "line": 17, "column": 32 } },
      "17": { "start": { "line": 18, "column": 0 }, "end": { "line": 18, "column": 13 } },
      "18": { "start": { "line": 19, "column": 0 }, "end": { "line": 19, "column": 62 } },
      "19": { "start": { "line": 20, "column": 0 }, "end": { "line": 20, "column": 11 } },
      "21": { "start": { "line": 22, "column": 0 }, "end": { "line": 22, "column": 39 } },
      "22": { "start": { "line": 23, "column": 0 }, "end": { "line": 23, "column": 24 } },
      "23": { "start": { "line": 24, "column": 0 }, "end": { "line": 24, "column": 13 } },
      "24": { "start": { "line": 25, "column": 0 }, "end": { "line": 25, "column": 62 } },
      "25": { "start": { "line": 26, "column": 0 }, "end": { "line": 26, "column": 12 } },
      "27": { "start": { "line": 28, "column": 0 }, "end": { "line": 28, "column": 15 } },
      "28": { "start": { "line": 29, "column": 0 }, "end": { "line": 29, "column": 46 } },
      "29": { "start": { "line": 30, "column": 0 }, "end": { "line": 30, "column": 56 } },
      "30": { "start": { "line": 31, "column": 0 }, "end": { "line": 31, "column": 40 } },
      "31": { "start": { "line": 32, "column": 0 }, "end": { "line": 32, "column": 21 } },
      "32": { "start": { "line": 33, "column": 0 }, "end": { "line": 33, "column": 1 } },
      "34": { "start": { "line": 35, "column": 0 }, "end": { "line": 35, "column": 48 } },
      "35": { "start": { "line": 36, "column": 0 }, "end": { "line": 36, "column": 45 } },
      "37": { "start": { "line": 38, "column": 0 }, "end": { "line": 38, "column": 27 } },
      "38": { "start": { "line": 39, "column": 0 }, "end": { "line": 39, "column": 123 } },
      "39": { "start": { "line": 40, "column": 0 }, "end": { "line": 40, "column": 45 } },
      "40": { "start": { "line": 41, "column": 0 }, "end": { "line": 41, "column": 47 } },
      "41": { "start": { "line": 42, "column": 0 }, "end": { "line": 42, "column": 53 } },
      "43": { "start": { "line": 44, "column": 0 }, "end": { "line": 44, "column": 44 } },
      "44": { "start": { "line": 45, "column": 0 }, "end": { "line": 45, "column": 10 } },
      "45": { "start": { "line": 46, "column": 0 }, "end": { "line": 46, "column": 53 } },
      "46": { "start": { "line": 47, "column": 0 }, "end": { "line": 47, "column": 33 } },
      "47": { "start": { "line": 48, "column": 0 }, "end": { "line": 48, "column": 22 } },
      "48": { "start": { "line": 49, "column": 0 }, "end": { "line": 49, "column": 47 } },
      "49": { "start": { "line": 50, "column": 0 }, "end": { "line": 50, "column": 66 } },
      "50": { "start": { "line": 51, "column": 0 }, "end": { "line": 51, "column": 69 } },
      "51": { "start": { "line": 52, "column": 0 }, "end": { "line": 52, "column": 60 } },
      "52": { "start": { "line": 53, "column": 0 }, "end": { "line": 53, "column": 16 } },
      "53": { "start": { "line": 54, "column": 0 }, "end": { "line": 54, "column": 65 } },
      "54": { "start": { "line": 55, "column": 0 }, "end": { "line": 55, "column": 96 } },
      "55": { "start": { "line": 56, "column": 0 }, "end": { "line": 56, "column": 14 } },
      "56": { "start": { "line": 57, "column": 0 }, "end": { "line": 57, "column": 66 } },
      "57": { "start": { "line": 58, "column": 0 }, "end": { "line": 58, "column": 39 } },
      "58": { "start": { "line": 59, "column": 0 }, "end": { "line": 59, "column": 50 } },
      "59": { "start": { "line": 60, "column": 0 }, "end": { "line": 60, "column": 27 } },
      "60": { "start": { "line": 61, "column": 0 }, "end": { "line": 61, "column": 20 } },
      "61": { "start": { "line": 62, "column": 0 }, "end": { "line": 62, "column": 16 } },
      "62": { "start": { "line": 63, "column": 0 }, "end": { "line": 63, "column": 14 } },
      "64": { "start": { "line": 65, "column": 0 }, "end": { "line": 65, "column": 28 } },
      "65": { "start": { "line": 66, "column": 0 }, "end": { "line": 66, "column": 44 } },
      "66": { "start": { "line": 67, "column": 0 }, "end": { "line": 67, "column": 22 } },
      "67": { "start": { "line": 68, "column": 0 }, "end": { "line": 68, "column": 59 } },
      "68": { "start": { "line": 69, "column": 0 }, "end": { "line": 69, "column": 42 } },
      "69": { "start": { "line": 70, "column": 0 }, "end": { "line": 70, "column": 28 } },
      "70": { "start": { "line": 71, "column": 0 }, "end": { "line": 71, "column": 24 } },
      "71": { "start": { "line": 72, "column": 0 }, "end": { "line": 72, "column": 29 } },
      "72": { "start": { "line": 73, "column": 0 }, "end": { "line": 73, "column": 58 } },
      "73": { "start": { "line": 74, "column": 0 }, "end": { "line": 74, "column": 30 } },
      "74": { "start": { "line": 75, "column": 0 }, "end": { "line": 75, "column": 23 } },
      "75": { "start": { "line": 76, "column": 0 }, "end": { "line": 76, "column": 45 } },
      "76": { "start": { "line": 77, "column": 0 }, "end": { "line": 77, "column": 67 } },
      "77": { "start": { "line": 78, "column": 0 }, "end": { "line": 78, "column": 41 } },
      "78": { "start": { "line": 79, "column": 0 }, "end": { "line": 79, "column": 58 } },
      "79": { "start": { "line": 80, "column": 0 }, "end": { "line": 80, "column": 61 } },
      "80": { "start": { "line": 81, "column": 0 }, "end": { "line": 81, "column": 42 } },
      "81": { "start": { "line": 82, "column": 0 }, "end": { "line": 82, "column": 20 } },
      "82": { "start": { "line": 83, "column": 0 }, "end": { "line": 83, "column": 20 } },
      "83": { "start": { "line": 84, "column": 0 }, "end": { "line": 84, "column": 41 } },
      "84": { "start": { "line": 85, "column": 0 }, "end": { "line": 85, "column": 58 } },
      "85": { "start": { "line": 86, "column": 0 }, "end": { "line": 86, "column": 61 } },
      "86": { "start": { "line": 87, "column": 0 }, "end": { "line": 87, "column": 42 } },
      "87": { "start": { "line": 88, "column": 0 }, "end": { "line": 88, "column": 20 } },
      "88": { "start": { "line": 89, "column": 0 }, "end": { "line": 89, "column": 20 } },
      "89": { "start": { "line": 90, "column": 0 }, "end": { "line": 90, "column": 18 } },
      "90": { "start": { "line": 91, "column": 0 }, "end": { "line": 91, "column": 12 } },
      "91": { "start": { "line": 92, "column": 0 }, "end": { "line": 92, "column": 45 } },
      "92": { "start": { "line": 93, "column": 0 }, "end": { "line": 93, "column": 32 } },
      "93": { "start": { "line": 94, "column": 0 }, "end": { "line": 94, "column": 52 } },
      "94": { "start": { "line": 95, "column": 0 }, "end": { "line": 95, "column": 30 } },
      "95": { "start": { "line": 96, "column": 0 }, "end": { "line": 96, "column": 23 } },
      "96": { "start": { "line": 97, "column": 0 }, "end": { "line": 97, "column": 50 } },
      "97": { "start": { "line": 98, "column": 0 }, "end": { "line": 98, "column": 32 } },
      "98": { "start": { "line": 99, "column": 0 }, "end": { "line": 99, "column": 23 } },
      "99": { "start": { "line": 100, "column": 0 }, "end": { "line": 100, "column": 18 } },
      "100": { "start": { "line": 101, "column": 0 }, "end": { "line": 101, "column": 24 } },
      "101": { "start": { "line": 102, "column": 0 }, "end": { "line": 102, "column": 15 } },
      "102": { "start": { "line": 103, "column": 0 }, "end": { "line": 103, "column": 12 } },
      "103": { "start": { "line": 104, "column": 0 }, "end": { "line": 104, "column": 10 } },
      "104": { "start": { "line": 105, "column": 0 }, "end": { "line": 105, "column": 3 } },
      "105": { "start": { "line": 106, "column": 0 }, "end": { "line": 106, "column": 1 } },
      "106": { "start": { "line": 107, "column": 0 }, "end": { "line": 107, "column": 1 } },
      "108": { "start": { "line": 109, "column": 0 }, "end": { "line": 109, "column": 22 } },
      "109": { "start": { "line": 110, "column": 0 }, "end": { "line": 110, "column": 67 } },
      "110": { "start": { "line": 111, "column": 0 }, "end": { "line": 111, "column": 55 } },
      "111": { "start": { "line": 112, "column": 0 }, "end": { "line": 112, "column": 50 } },
      "113": { "start": { "line": 114, "column": 0 }, "end": { "line": 114, "column": 36 } },
      "114": { "start": { "line": 115, "column": 0 }, "end": { "line": 115, "column": 36 } },
      "115": { "start": { "line": 116, "column": 0 }, "end": { "line": 116, "column": 32 } },
      "116": { "start": { "line": 117, "column": 0 }, "end": { "line": 117, "column": 60 } },
      "117": { "start": { "line": 118, "column": 0 }, "end": { "line": 118, "column": 4 } },
      "119": { "start": { "line": 120, "column": 0 }, "end": { "line": 120, "column": 42 } },
      "120": { "start": { "line": 121, "column": 0 }, "end": { "line": 121, "column": 32 } },
      "121": { "start": { "line": 122, "column": 0 }, "end": { "line": 122, "column": 88 } },
      "122": { "start": { "line": 123, "column": 0 }, "end": { "line": 123, "column": 4 } },
      "124": { "start": { "line": 125, "column": 0 }, "end": { "line": 125, "column": 38 } },
      "125": { "start": { "line": 126, "column": 0 }, "end": { "line": 126, "column": 32 } },
      "126": { "start": { "line": 127, "column": 0 }, "end": { "line": 127, "column": 66 } },
      "127": { "start": { "line": 128, "column": 0 }, "end": { "line": 128, "column": 68 } },
      "128": { "start": { "line": 129, "column": 0 }, "end": { "line": 129, "column": 4 } },
      "129": { "start": { "line": 130, "column": 0 }, "end": { "line": 130, "column": 2 } },
      "130": { "start": { "line": 131, "column": 0 }, "end": { "line": 131, "column": 1 } },
      "132": { "start": { "line": 133, "column": 0 }, "end": { "line": 133, "column": 41 } },
      "133": { "start": { "line": 134, "column": 0 }, "end": { "line": 134, "column": 37 } },
      "134": { "start": { "line": 135, "column": 0 }, "end": { "line": 135, "column": 27 } },
      "135": { "start": { "line": 136, "column": 0 }, "end": { "line": 136, "column": 41 } },
      "136": { "start": { "line": 137, "column": 0 }, "end": { "line": 137, "column": 1 } },
      "138": { "start": { "line": 139, "column": 0 }, "end": { "line": 139, "column": 23 } },
      "139": { "start": { "line": 140, "column": 0 }, "end": { "line": 140, "column": 49 } },
      "140": { "start": { "line": 141, "column": 0 }, "end": { "line": 141, "column": 54 } },
      "142": { "start": { "line": 143, "column": 0 }, "end": { "line": 143, "column": 18 } },
      "143": { "start": { "line": 144, "column": 0 }, "end": { "line": 144, "column": 39 } },
      "144": { "start": { "line": 145, "column": 0 }, "end": { "line": 145, "column": 44 } },
      "146": { "start": { "line": 147, "column": 0 }, "end": { "line": 147, "column": 30 } },
      "147": { "start": { "line": 148, "column": 0 }, "end": { "line": 148, "column": 57 } },
      "148": { "start": { "line": 149, "column": 0 }, "end": { "line": 149, "column": 24 } },
      "149": { "start": { "line": 150, "column": 0 }, "end": { "line": 150, "column": 24 } },
      "150": { "start": { "line": 151, "column": 0 }, "end": { "line": 151, "column": 22 } },
      "151": { "start": { "line": 152, "column": 0 }, "end": { "line": 152, "column": 106 } },
      "152": { "start": { "line": 153, "column": 0 }, "end": { "line": 153, "column": 35 } },
      "153": { "start": { "line": 154, "column": 0 }, "end": { "line": 154, "column": 42 } },
      "154": { "start": { "line": 155, "column": 0 }, "end": { "line": 155, "column": 28 } },
      "155": { "start": { "line": 156, "column": 0 }, "end": { "line": 156, "column": 5 } },
      "157": { "start": { "line": 158, "column": 0 }, "end": { "line": 158, "column": 59 } },
      "158": { "start": { "line": 159, "column": 0 }, "end": { "line": 159, "column": 43 } },
      "159": { "start": { "line": 160, "column": 0 }, "end": { "line": 160, "column": 54 } },
      "160": { "start": { "line": 161, "column": 0 }, "end": { "line": 161, "column": 5 } },
      "161": { "start": { "line": 162, "column": 0 }, "end": { "line": 162, "column": 14 } },
      "162": { "start": { "line": 163, "column": 0 }, "end": { "line": 163, "column": 3 } },
      "163": { "start": { "line": 164, "column": 0 }, "end": { "line": 164, "column": 1 } },
      "165": { "start": { "line": 166, "column": 0 }, "end": { "line": 166, "column": 46 } },
      "166": { "start": { "line": 167, "column": 0 }, "end": { "line": 167, "column": 43 } },
      "168": { "start": { "line": 169, "column": 0 }, "end": { "line": 169, "column": 26 } },
      "169": { "start": { "line": 170, "column": 0 }, "end": { "line": 170, "column": 47 } },
      "170": { "start": { "line": 171, "column": 0 }, "end": { "line": 171, "column": 76 } },
      "171": { "start": { "line": 172, "column": 0 }, "end": { "line": 172, "column": 98 } },
      "173": { "start": { "line": 174, "column": 0 }, "end": { "line": 174, "column": 36 } },
      "174": { "start": { "line": 175, "column": 0 }, "end": { "line": 175, "column": 38 } },
      "175": { "start": { "line": 176, "column": 0 }, "end": { "line": 176, "column": 36 } },
      "176": { "start": { "line": 177, "column": 0 }, "end": { "line": 177, "column": 55 } },
      "177": { "start": { "line": 178, "column": 0 }, "end": { "line": 178, "column": 1 } },
      "179": { "start": { "line": 180, "column": 0 }, "end": { "line": 180, "column": 38 } },
      "180": { "start": { "line": 181, "column": 0 }, "end": { "line": 181, "column": 43 } },
      "181": { "start": { "line": 182, "column": 0 }, "end": { "line": 182, "column": 74 } },
      "182": { "start": { "line": 183, "column": 0 }, "end": { "line": 183, "column": 22 } },
      "183": { "start": { "line": 184, "column": 0 }, "end": { "line": 184, "column": 1 } },
      "185": { "start": { "line": 186, "column": 0 }, "end": { "line": 186, "column": 38 } },
      "186": { "start": { "line": 187, "column": 0 }, "end": { "line": 187, "column": 39 } },
      "188": { "start": { "line": 189, "column": 0 }, "end": { "line": 189, "column": 22 } },
      "189": { "start": { "line": 190, "column": 0 }, "end": { "line": 190, "column": 5 } },
      "190": { "start": { "line": 191, "column": 0 }, "end": { "line": 191, "column": 50 } },
      "191": { "start": { "line": 192, "column": 0 }, "end": { "line": 192, "column": 34 } },
      "192": { "start": { "line": 193, "column": 0 }, "end": { "line": 193, "column": 17 } },
      "193": { "start": { "line": 194, "column": 0 }, "end": { "line": 194, "column": 57 } },
      "194": { "start": { "line": 195, "column": 0 }, "end": { "line": 195, "column": 1 } },
      "196": { "start": { "line": 197, "column": 0 }, "end": { "line": 197, "column": 64 } },
      "197": { "start": { "line": 198, "column": 0 }, "end": { "line": 198, "column": 31 } },
      "198": { "start": { "line": 199, "column": 0 }, "end": { "line": 199, "column": 69 } },
      "199": { "start": { "line": 200, "column": 0 }, "end": { "line": 200, "column": 65 } },
      "200": { "start": { "line": 201, "column": 0 }, "end": { "line": 201, "column": 52 } },
      "201": { "start": { "line": 202, "column": 0 }, "end": { "line": 202, "column": 83 } },
      "202": { "start": { "line": 203, "column": 0 }, "end": { "line": 203, "column": 39 } },
      "203": { "start": { "line": 204, "column": 0 }, "end": { "line": 204, "column": 65 } },
      "204": { "start": { "line": 205, "column": 0 }, "end": { "line": 205, "column": 50 } },
      "205": { "start": { "line": 206, "column": 0 }, "end": { "line": 206, "column": 59 } }
    },
    "s": {
      "0": 0,
      "2": 0,
      "3": 0,
      "5": 0,
      "6": 0,
      "8": 0,
      "9": 0,
      "10": 0,
      "11": 0,
      "12": 0,
      "13": 0,
      "15": 0,
      "16": 0,
      "17": 0,
      "18": 0,
      "19": 0,
      "21": 0,
      "22": 0,
      "23": 0,
      "24": 0,
      "25": 0,
      "27": 0,
      "28": 0,
      "29": 0,
      "30": 0,
      "31": 0,
      "32": 0,
      "34": 0,
      "35": 0,
      "37": 0,
      "38": 0,
      "39": 0,
      "40": 0,
      "41": 0,
      "43": 0,
      "44": 0,
      "45": 0,
      "46": 0,
      "47": 0,
      "48": 0,
      "49": 0,
      "50": 0,
      "51": 0,
      "52": 0,
      "53": 0,
      "54": 0,
      "55": 0,
      "56": 0,
      "57": 0,
      "58": 0,
      "59": 0,
      "60": 0,
      "61": 0,
      "62": 0,
      "64": 0,
      "65": 0,
      "66": 0,
      "67": 0,
      "68": 0,
      "69": 0,
      "70": 0,
      "71": 0,
      "72": 0,
      "73": 0,
      "74": 0,
      "75": 0,
      "76": 0,
      "77": 0,
      "78": 0,
      "79": 0,
      "80": 0,
      "81": 0,
      "82": 0,
      "83": 0,
      "84": 0,
      "85": 0,
      "86": 0,
      "87": 0,
      "88": 0,
      "89": 0,
      "90": 0,
      "91": 0,
      "92": 0,
      "93": 0,
      "94": 0,
      "95": 0,
      "96": 0,
      "97": 0,
      "98": 0,
      "99": 0,
      "100": 0,
      "101": 0,
      "102": 0,
      "103": 0,
      "104": 0,
      "105": 0,
      "106": 0,
      "108": 0,
      "109": 0,
      "110": 0,
      "111": 0,
      "113": 0,
      "114": 0,
      "115": 0,
      "116": 0,
      "117": 0,
      "119": 0,
      "120": 0,
      "121": 0,
      "122": 0,
      "124": 0,
      "125": 0,
      "126": 0,
      "127": 0,
      "128": 0,
      "129": 0,
      "130": 0,
      "132": 0,
      "133": 0,
      "134": 0,
      "135": 0,
      "136": 0,
      "138": 0,
      "139": 0,
      "140": 0,
      "142": 0,
      "143": 0,
      "144": 0,
      "146": 0,
      "147": 0,
      "148": 0,
      "149": 0,
      "150": 0,
      "151": 0,
      "152": 0,
      "153": 0,
      "154": 0,
      "155": 0,
      "157": 0,
      "158": 0,
      "159": 0,
      "160": 0,
      "161": 0,
      "162": 0,
      "163": 0,
      "165": 0,
      "166": 0,
      "168": 0,
      "169": 0,
      "170": 0,
      "171": 0,
      "173": 0,
      "174": 0,
      "175": 0,
      "176": 0,
      "177": 0,
      "179": 0,
      "180": 0,
      "181": 0,
      "182": 0,
      "183": 0,
      "185": 0,
      "186": 0,
      "188": 0,
      "189": 0,
      "190": 0,
      "191": 0,
      "192": 0,
      "193": 0,
      "194": 0,
      "196": 0,
      "197": 0,
      "198": 0,
      "199": 0,
      "200": 0,
      "201": 0,
      "202": 0,
      "203": 0,
      "204": 0,
      "205": 0
    },
    "branchMap": {
      "0": {
        "type": "branch",
        "line": 1,
        "loc": { "start": { "line": 1, "column": 0 }, "end": { "line": 206, "column": -342 } },
        "locations": [
          { "start": { "line": 1, "column": 0 }, "end": { "line": 206, "column": -342 } }
        ]
      }
    },
    "b": { "0": [0] },
    "fnMap": {
      "0": {
        "name": "(empty-report)",
        "decl": { "start": { "line": 1, "column": 0 }, "end": { "line": 206, "column": -342 } },
        "loc": { "start": { "line": 1, "column": 0 }, "end": { "line": 206, "column": -342 } },
        "line": 1
      }
    },
    "f": { "0": 0 }
  },
  "/Users/oliver/GitHub/newth-project/scripts/deploy.mjs": {
    "path": "/Users/oliver/GitHub/newth-project/scripts/deploy.mjs",
    "all": true,
    "statementMap": {
      "0": { "start": { "line": 1, "column": 0 }, "end": { "line": 1, "column": 19 } },
      "2": { "start": { "line": 3, "column": 0 }, "end": { "line": 3, "column": 25 } },
      "3": { "start": { "line": 4, "column": 0 }, "end": { "line": 4, "column": 40 } },
      "4": { "start": { "line": 5, "column": 0 }, "end": { "line": 5, "column": 33 } },
      "6": { "start": { "line": 7, "column": 0 }, "end": { "line": 7, "column": 68 } },
      "7": { "start": { "line": 8, "column": 0 }, "end": { "line": 8, "column": 36 } },
      "9": { "start": { "line": 10, "column": 0 }, "end": { "line": 10, "column": 74 } },
      "11": { "start": { "line": 12, "column": 0 }, "end": { "line": 12, "column": 31 } },
      "12": { "start": { "line": 13, "column": 0 }, "end": { "line": 13, "column": 48 } },
      "14": { "start": { "line": 15, "column": 0 }, "end": { "line": 15, "column": 22 } },
      "15": { "start": { "line": 16, "column": 0 }, "end": { "line": 16, "column": 12 } },
      "16": { "start": { "line": 17, "column": 0 }, "end": { "line": 17, "column": 22 } },
      "17": { "start": { "line": 18, "column": 0 }, "end": { "line": 18, "column": 52 } },
      "18": { "start": { "line": 19, "column": 0 }, "end": { "line": 19, "column": 51 } },
      "19": { "start": { "line": 20, "column": 0 }, "end": { "line": 20, "column": 4 } },
      "20": { "start": { "line": 21, "column": 0 }, "end": { "line": 21, "column": 15 } },
      "21": { "start": { "line": 22, "column": 0 }, "end": { "line": 22, "column": 19 } },
      "22": { "start": { "line": 23, "column": 0 }, "end": { "line": 23, "column": 44 } },
      "23": { "start": { "line": 24, "column": 0 }, "end": { "line": 24, "column": 42 } },
      "24": { "start": { "line": 25, "column": 0 }, "end": { "line": 25, "column": 4 } },
      "25": { "start": { "line": 26, "column": 0 }, "end": { "line": 26, "column": 1 } },
      "27": { "start": { "line": 28, "column": 0 }, "end": { "line": 28, "column": 21 } },
      "28": { "start": { "line": 29, "column": 0 }, "end": { "line": 29, "column": 50 } },
      "29": { "start": { "line": 30, "column": 0 }, "end": { "line": 30, "column": 17 } },
      "30": { "start": { "line": 31, "column": 0 }, "end": { "line": 31, "column": 74 } },
      "31": { "start": { "line": 32, "column": 0 }, "end": { "line": 32, "column": 79 } },
      "32": { "start": { "line": 33, "column": 0 }, "end": { "line": 33, "column": 81 } },
      "33": { "start": { "line": 34, "column": 0 }, "end": { "line": 34, "column": 83 } },
      "34": { "start": { "line": 35, "column": 0 }, "end": { "line": 35, "column": 72 } },
      "35": { "start": { "line": 36, "column": 0 }, "end": { "line": 36, "column": 80 } },
      "36": { "start": { "line": 37, "column": 0 }, "end": { "line": 37, "column": 17 } },
      "37": { "start": { "line": 38, "column": 0 }, "end": { "line": 38, "column": 40 } },
      "38": { "start": { "line": 39, "column": 0 }, "end": { "line": 39, "column": 52 } },
      "39": { "start": { "line": 40, "column": 0 }, "end": { "line": 40, "column": 53 } },
      "40": { "start": { "line": 41, "column": 0 }, "end": { "line": 41, "column": 53 } },
      "41": { "start": { "line": 42, "column": 0 }, "end": { "line": 42, "column": 17 } },
      "42": { "start": { "line": 43, "column": 0 }, "end": { "line": 43, "column": 1 } },
      "44": { "start": { "line": 45, "column": 0 }, "end": { "line": 45, "column": 29 } },
      "45": { "start": { "line": 46, "column": 0 }, "end": { "line": 46, "column": 7 } },
      "46": { "start": { "line": 47, "column": 0 }, "end": { "line": 47, "column": 77 } },
      "47": { "start": { "line": 48, "column": 0 }, "end": { "line": 48, "column": 19 } },
      "48": { "start": { "line": 49, "column": 0 }, "end": { "line": 49, "column": 77 } },
      "49": { "start": { "line": 50, "column": 0 }, "end": { "line": 50, "column": 19 } },
      "50": { "start": { "line": 51, "column": 0 }, "end": { "line": 51, "column": 3 } },
      "51": { "start": { "line": 52, "column": 0 }, "end": { "line": 52, "column": 1 } },
      "53": { "start": { "line": 54, "column": 0 }, "end": { "line": 54, "column": 23 } },
      "54": { "start": { "line": 55, "column": 0 }, "end": { "line": 55, "column": 51 } },
      "56": { "start": { "line": 57, "column": 0 }, "end": { "line": 57, "column": 59 } },
      "57": { "start": { "line": 58, "column": 0 }, "end": { "line": 58, "column": 54 } },
      "58": { "start": { "line": 59, "column": 0 }, "end": { "line": 59, "column": 45 } },
      "59": { "start": { "line": 60, "column": 0 }, "end": { "line": 60, "column": 51 } },
      "60": { "start": { "line": 61, "column": 0 }, "end": { "line": 61, "column": 55 } },
      "61": { "start": { "line": 62, "column": 0 }, "end": { "line": 62, "column": 19 } },
      "62": { "start": { "line": 63, "column": 0 }, "end": { "line": 63, "column": 4 } },
      "64": { "start": { "line": 65, "column": 0 }, "end": { "line": 65, "column": 42 } },
      "65": { "start": { "line": 66, "column": 0 }, "end": { "line": 66, "column": 75 } },
      "67": { "start": { "line": 68, "column": 0 }, "end": { "line": 68, "column": 41 } },
      "68": { "start": { "line": 69, "column": 0 }, "end": { "line": 69, "column": 7 } },
      "69": { "start": { "line": 70, "column": 0 }, "end": { "line": 70, "column": 78 } },
      "70": { "start": { "line": 71, "column": 0 }, "end": { "line": 71, "column": 27 } },
      "71": { "start": { "line": 72, "column": 0 }, "end": { "line": 72, "column": 64 } },
      "72": { "start": { "line": 73, "column": 0 }, "end": { "line": 73, "column": 12 } },
      "73": { "start": { "line": 74, "column": 0 }, "end": { "line": 74, "column": 59 } },
      "74": { "start": { "line": 75, "column": 0 }, "end": { "line": 75, "column": 5 } },
      "75": { "start": { "line": 76, "column": 0 }, "end": { "line": 76, "column": 19 } },
      "76": { "start": { "line": 77, "column": 0 }, "end": { "line": 77, "column": 63 } },
      "77": { "start": { "line": 78, "column": 0 }, "end": { "line": 78, "column": 3 } },
      "78": { "start": { "line": 79, "column": 0 }, "end": { "line": 79, "column": 1 } },
      "80": { "start": { "line": 81, "column": 0 }, "end": { "line": 81, "column": 26 } },
      "81": { "start": { "line": 82, "column": 0 }, "end": { "line": 82, "column": 64 } },
      "83": { "start": { "line": 84, "column": 0 }, "end": { "line": 84, "column": 42 } },
      "85": { "start": { "line": 86, "column": 0 }, "end": { "line": 86, "column": 65 } },
      "86": { "start": { "line": 87, "column": 0 }, "end": { "line": 87, "column": 7 } },
      "87": { "start": { "line": 88, "column": 0 }, "end": { "line": 88, "column": 54 } },
      "88": { "start": { "line": 89, "column": 0 }, "end": { "line": 89, "column": 51 } },
      "89": { "start": { "line": 90, "column": 0 }, "end": { "line": 90, "column": 19 } },
      "90": { "start": { "line": 91, "column": 0 }, "end": { "line": 91, "column": 76 } },
      "91": { "start": { "line": 92, "column": 0 }, "end": { "line": 92, "column": 19 } },
      "92": { "start": { "line": 93, "column": 0 }, "end": { "line": 93, "column": 3 } },
      "94": { "start": { "line": 95, "column": 0 }, "end": { "line": 95, "column": 64 } },
      "95": { "start": { "line": 96, "column": 0 }, "end": { "line": 96, "column": 7 } },
      "96": { "start": { "line": 97, "column": 0 }, "end": { "line": 97, "column": 53 } },
      "97": { "start": { "line": 98, "column": 0 }, "end": { "line": 98, "column": 16 } },
      "98": { "start": { "line": 99, "column": 0 }, "end": { "line": 99, "column": 96 } },
      "99": { "start": { "line": 100, "column": 0 }, "end": { "line": 100, "column": 5 } },
      "100": { "start": { "line": 101, "column": 0 }, "end": { "line": 101, "column": 66 } },
      "101": { "start": { "line": 102, "column": 0 }, "end": { "line": 102, "column": 71 } },
      "102": { "start": { "line": 103, "column": 0 }, "end": { "line": 103, "column": 19 } },
      "103": { "start": { "line": 104, "column": 0 }, "end": { "line": 104, "column": 74 } },
      "104": { "start": { "line": 105, "column": 0 }, "end": { "line": 105, "column": 19 } },
      "105": { "start": { "line": 106, "column": 0 }, "end": { "line": 106, "column": 3 } },
      "106": { "start": { "line": 107, "column": 0 }, "end": { "line": 107, "column": 1 } },
      "108": { "start": { "line": 109, "column": 0 }, "end": { "line": 109, "column": 32 } },
      "109": { "start": { "line": 110, "column": 0 }, "end": { "line": 110, "column": 68 } },
      "111": { "start": { "line": 112, "column": 0 }, "end": { "line": 112, "column": 42 } },
      "113": { "start": { "line": 114, "column": 0 }, "end": { "line": 114, "column": 36 } },
      "114": { "start": { "line": 115, "column": 0 }, "end": { "line": 115, "column": 92 } },
      "115": { "start": { "line": 116, "column": 0 }, "end": { "line": 116, "column": 75 } },
      "116": { "start": { "line": 117, "column": 0 }, "end": { "line": 117, "column": 19 } },
      "117": { "start": { "line": 118, "column": 0 }, "end": { "line": 118, "column": 3 } },
      "119": { "start": { "line": 120, "column": 0 }, "end": { "line": 120, "column": 62 } },
      "120": { "start": { "line": 121, "column": 0 }, "end": { "line": 121, "column": 72 } },
      "122": { "start": { "line": 123, "column": 0 }, "end": { "line": 123, "column": 66 } },
      "123": { "start": { "line": 124, "column": 0 }, "end": { "line": 124, "column": 55 } },
      "124": { "start": { "line": 125, "column": 0 }, "end": { "line": 125, "column": 67 } },
      "125": { "start": { "line": 126, "column": 0 }, "end": { "line": 126, "column": 60 } },
      "126": { "start": { "line": 127, "column": 0 }, "end": { "line": 127, "column": 80 } },
      "127": { "start": { "line": 128, "column": 0 }, "end": { "line": 128, "column": 14 } },
      "128": { "start": { "line": 129, "column": 0 }, "end": { "line": 129, "column": 57 } },
      "129": { "start": { "line": 130, "column": 0 }, "end": { "line": 130, "column": 43 } },
      "130": { "start": { "line": 131, "column": 0 }, "end": { "line": 131, "column": 3 } },
      "131": { "start": { "line": 132, "column": 0 }, "end": { "line": 132, "column": 1 } },
      "133": { "start": { "line": 134, "column": 0 }, "end": { "line": 134, "column": 21 } },
      "134": { "start": { "line": 135, "column": 0 }, "end": { "line": 135, "column": 49 } },
      "135": { "start": { "line": 136, "column": 0 }, "end": { "line": 136, "column": 58 } },
      "136": { "start": { "line": 137, "column": 0 }, "end": { "line": 137, "column": 62 } },
      "137": { "start": { "line": 138, "column": 0 }, "end": { "line": 138, "column": 58 } },
      "138": { "start": { "line": 139, "column": 0 }, "end": { "line": 139, "column": 73 } },
      "139": { "start": { "line": 140, "column": 0 }, "end": { "line": 140, "column": 1 } },
      "141": { "start": { "line": 142, "column": 0 }, "end": { "line": 142, "column": 22 } },
      "142": { "start": { "line": 143, "column": 0 }, "end": { "line": 143, "column": 55 } },
      "143": { "start": { "line": 144, "column": 0 }, "end": { "line": 144, "column": 66 } },
      "144": { "start": { "line": 145, "column": 0 }, "end": { "line": 145, "column": 92 } },
      "145": { "start": { "line": 146, "column": 0 }, "end": { "line": 146, "column": 57 } },
      "146": { "start": { "line": 147, "column": 0 }, "end": { "line": 147, "column": 69 } },
      "147": { "start": { "line": 148, "column": 0 }, "end": { "line": 148, "column": 1 } },
      "149": { "start": { "line": 150, "column": 0 }, "end": { "line": 150, "column": 22 } },
      "150": { "start": { "line": 151, "column": 0 }, "end": { "line": 151, "column": 18 } },
      "151": { "start": { "line": 152, "column": 0 }, "end": { "line": 152, "column": 16 } },
      "152": { "start": { "line": 153, "column": 0 }, "end": { "line": 153, "column": 16 } },
      "153": { "start": { "line": 154, "column": 0 }, "end": { "line": 154, "column": 9 } },
      "154": { "start": { "line": 155, "column": 0 }, "end": { "line": 155, "column": 17 } },
      "155": { "start": { "line": 156, "column": 0 }, "end": { "line": 156, "column": 19 } },
      "156": { "start": { "line": 157, "column": 0 }, "end": { "line": 157, "column": 9 } },
      "157": { "start": { "line": 158, "column": 0 }, "end": { "line": 158, "column": 17 } },
      "158": { "start": { "line": 159, "column": 0 }, "end": { "line": 159, "column": 25 } },
      "159": { "start": { "line": 160, "column": 0 }, "end": { "line": 160, "column": 9 } },
      "160": { "start": { "line": 161, "column": 0 }, "end": { "line": 161, "column": 14 } },
      "161": { "start": { "line": 162, "column": 0 }, "end": { "line": 162, "column": 14 } },
      "162": { "start": { "line": 163, "column": 0 }, "end": { "line": 163, "column": 9 } },
      "163": { "start": { "line": 164, "column": 0 }, "end": { "line": 164, "column": 13 } },
      "164": { "start": { "line": 165, "column": 0 }, "end": { "line": 165, "column": 15 } },
      "165": { "start": { "line": 166, "column": 0 }, "end": { "line": 166, "column": 9 } },
      "166": { "start": { "line": 167, "column": 0 }, "end": { "line": 167, "column": 14 } },
      "167": { "start": { "line": 168, "column": 0 }, "end": { "line": 168, "column": 16 } },
      "168": { "start": { "line": 169, "column": 0 }, "end": { "line": 169, "column": 12 } },
      "169": { "start": { "line": 170, "column": 0 }, "end": { "line": 170, "column": 10 } },
      "170": { "start": { "line": 171, "column": 0 }, "end": { "line": 171, "column": 14 } },
      "171": { "start": { "line": 172, "column": 0 }, "end": { "line": 172, "column": 9 } },
      "172": { "start": { "line": 173, "column": 0 }, "end": { "line": 173, "column": 1 } }
    },
    "s": {
      "0": 0,
      "2": 0,
      "3": 0,
      "4": 0,
      "6": 0,
      "7": 0,
      "9": 0,
      "11": 0,
      "12": 0,
      "14": 0,
      "15": 0,
      "16": 0,
      "17": 0,
      "18": 0,
      "19": 0,
      "20": 0,
      "21": 0,
      "22": 0,
      "23": 0,
      "24": 0,
      "25": 0,
      "27": 0,
      "28": 0,
      "29": 0,
      "30": 0,
      "31": 0,
      "32": 0,
      "33": 0,
      "34": 0,
      "35": 0,
      "36": 0,
      "37": 0,
      "38": 0,
      "39": 0,
      "40": 0,
      "41": 0,
      "42": 0,
      "44": 0,
      "45": 0,
      "46": 0,
      "47": 0,
      "48": 0,
      "49": 0,
      "50": 0,
      "51": 0,
      "53": 0,
      "54": 0,
      "56": 0,
      "57": 0,
      "58": 0,
      "59": 0,
      "60": 0,
      "61": 0,
      "62": 0,
      "64": 0,
      "65": 0,
      "67": 0,
      "68": 0,
      "69": 0,
      "70": 0,
      "71": 0,
      "72": 0,
      "73": 0,
      "74": 0,
      "75": 0,
      "76": 0,
      "77": 0,
      "78": 0,
      "80": 0,
      "81": 0,
      "83": 0,
      "85": 0,
      "86": 0,
      "87": 0,
      "88": 0,
      "89": 0,
      "90": 0,
      "91": 0,
      "92": 0,
      "94": 0,
      "95": 0,
      "96": 0,
      "97": 0,
      "98": 0,
      "99": 0,
      "100": 0,
      "101": 0,
      "102": 0,
      "103": 0,
      "104": 0,
      "105": 0,
      "106": 0,
      "108": 0,
      "109": 0,
      "111": 0,
      "113": 0,
      "114": 0,
      "115": 0,
      "116": 0,
      "117": 0,
      "119": 0,
      "120": 0,
      "122": 0,
      "123": 0,
      "124": 0,
      "125": 0,
      "126": 0,
      "127": 0,
      "128": 0,
      "129": 0,
      "130": 0,
      "131": 0,
      "133": 0,
      "134": 0,
      "135": 0,
      "136": 0,
      "137": 0,
      "138": 0,
      "139": 0,
      "141": 0,
      "142": 0,
      "143": 0,
      "144": 0,
      "145": 0,
      "146": 0,
      "147": 0,
      "149": 0,
      "150": 0,
      "151": 0,
      "152": 0,
      "153": 0,
      "154": 0,
      "155": 0,
      "156": 0,
      "157": 0,
      "158": 0,
      "159": 0,
      "160": 0,
      "161": 0,
      "162": 0,
      "163": 0,
      "164": 0,
      "165": 0,
      "166": 0,
      "167": 0,
      "168": 0,
      "169": 0,
      "170": 0,
      "171": 0,
      "172": 0
    },
    "branchMap": {
      "0": {
        "type": "branch",
        "line": 1,
        "loc": { "start": { "line": 1, "column": 0 }, "end": { "line": 173, "column": -1288 } },
        "locations": [
          { "start": { "line": 1, "column": 0 }, "end": { "line": 173, "column": -1288 } }
        ]
      }
    },
    "b": { "0": [0] },
    "fnMap": {
      "0": {
        "name": "(empty-report)",
        "decl": { "start": { "line": 1, "column": 0 }, "end": { "line": 173, "column": -1288 } },
        "loc": { "start": { "line": 1, "column": 0 }, "end": { "line": 173, "column": -1288 } },
        "line": 1
      }
    },
    "f": { "0": 0 }
  },
  "/Users/oliver/GitHub/newth-project/scripts/migrate-icons.mjs": {
    "path": "/Users/oliver/GitHub/newth-project/scripts/migrate-icons.mjs",
    "all": true,
    "statementMap": {
      "0": { "start": { "line": 1, "column": 0 }, "end": { "line": 1, "column": 19 } },
      "2": { "start": { "line": 3, "column": 0 }, "end": { "line": 3, "column": 71 } },
      "3": { "start": { "line": 4, "column": 0 }, "end": { "line": 4, "column": 36 } },
      "5": { "start": { "line": 6, "column": 0 }, "end": { "line": 6, "column": 3 } },
      "6": { "start": { "line": 7, "column": 0 }, "end": { "line": 7, "column": 24 } },
      "7": { "start": { "line": 8, "column": 0 }, "end": { "line": 8, "column": 2 } },
      "8": { "start": { "line": 9, "column": 0 }, "end": { "line": 9, "column": 76 } },
      "9": { "start": { "line": 10, "column": 0 }, "end": { "line": 10, "column": 3 } },
      "11": { "start": { "line": 12, "column": 0 }, "end": { "line": 12, "column": 23 } },
      "12": { "start": { "line": 13, "column": 0 }, "end": { "line": 13, "column": 32 } },
      "13": { "start": { "line": 14, "column": 0 }, "end": { "line": 14, "column": 27 } },
      "14": { "start": { "line": 15, "column": 0 }, "end": { "line": 15, "column": 23 } },
      "15": { "start": { "line": 16, "column": 0 }, "end": { "line": 16, "column": 27 } },
      "16": { "start": { "line": 17, "column": 0 }, "end": { "line": 17, "column": 29 } },
      "17": { "start": { "line": 18, "column": 0 }, "end": { "line": 18, "column": 28 } },
      "18": { "start": { "line": 19, "column": 0 }, "end": { "line": 19, "column": 19 } },
      "19": { "start": { "line": 20, "column": 0 }, "end": { "line": 20, "column": 16 } },
      "20": { "start": { "line": 21, "column": 0 }, "end": { "line": 21, "column": 19 } },
      "21": { "start": { "line": 22, "column": 0 }, "end": { "line": 22, "column": 23 } },
      "22": { "start": { "line": 23, "column": 0 }, "end": { "line": 23, "column": 28 } },
      "23": { "start": { "line": 24, "column": 0 }, "end": { "line": 24, "column": 37 } },
      "24": { "start": { "line": 25, "column": 0 }, "end": { "line": 25, "column": 29 } },
      "25": { "start": { "line": 26, "column": 0 }, "end": { "line": 26, "column": 17 } },
      "26": { "start": { "line": 27, "column": 0 }, "end": { "line": 27, "column": 23 } },
      "27": { "start": { "line": 28, "column": 0 }, "end": { "line": 28, "column": 23 } },
      "28": { "start": { "line": 29, "column": 0 }, "end": { "line": 29, "column": 17 } },
      "29": { "start": { "line": 30, "column": 0 }, "end": { "line": 30, "column": 17 } },
      "30": { "start": { "line": 31, "column": 0 }, "end": { "line": 31, "column": 15 } },
      "31": { "start": { "line": 32, "column": 0 }, "end": { "line": 32, "column": 15 } },
      "32": { "start": { "line": 33, "column": 0 }, "end": { "line": 33, "column": 17 } },
      "33": { "start": { "line": 34, "column": 0 }, "end": { "line": 34, "column": 13 } },
      "34": { "start": { "line": 35, "column": 0 }, "end": { "line": 35, "column": 21 } },
      "35": { "start": { "line": 36, "column": 0 }, "end": { "line": 36, "column": 15 } },
      "36": { "start": { "line": 37, "column": 0 }, "end": { "line": 37, "column": 17 } },
      "37": { "start": { "line": 38, "column": 0 }, "end": { "line": 38, "column": 9 } },
      "38": { "start": { "line": 39, "column": 0 }, "end": { "line": 39, "column": 17 } },
      "39": { "start": { "line": 40, "column": 0 }, "end": { "line": 40, "column": 17 } },
      "40": { "start": { "line": 41, "column": 0 }, "end": { "line": 41, "column": 23 } },
      "41": { "start": { "line": 42, "column": 0 }, "end": { "line": 42, "column": 19 } },
      "42": { "start": { "line": 43, "column": 0 }, "end": { "line": 43, "column": 15 } },
      "43": { "start": { "line": 44, "column": 0 }, "end": { "line": 44, "column": 17 } },
      "44": { "start": { "line": 45, "column": 0 }, "end": { "line": 45, "column": 33 } },
      "45": { "start": { "line": 46, "column": 0 }, "end": { "line": 46, "column": 25 } },
      "46": { "start": { "line": 47, "column": 0 }, "end": { "line": 47, "column": 27 } },
      "47": { "start": { "line": 48, "column": 0 }, "end": { "line": 48, "column": 21 } },
      "48": { "start": { "line": 49, "column": 0 }, "end": { "line": 49, "column": 25 } },
      "49": { "start": { "line": 50, "column": 0 }, "end": { "line": 50, "column": 1 } },
      "51": { "start": { "line": 52, "column": 0 }, "end": { "line": 52, "column": 64 } },
      "53": { "start": { "line": 54, "column": 0 }, "end": { "line": 54, "column": 28 } },
      "54": { "start": { "line": 55, "column": 0 }, "end": { "line": 55, "column": 18 } },
      "56": { "start": { "line": 57, "column": 0 }, "end": { "line": 57, "column": 29 } },
      "57": { "start": { "line": 58, "column": 0 }, "end": { "line": 58, "column": 41 } },
      "59": { "start": { "line": 60, "column": 0 }, "end": { "line": 60, "column": 31 } },
      "60": { "start": { "line": 61, "column": 0 }, "end": { "line": 61, "column": 45 } },
      "61": { "start": { "line": 62, "column": 0 }, "end": { "line": 62, "column": 37 } },
      "63": { "start": { "line": 64, "column": 0 }, "end": { "line": 64, "column": 83 } },
      "64": { "start": { "line": 65, "column": 0 }, "end": { "line": 65, "column": 22 } },
      "65": { "start": { "line": 66, "column": 0 }, "end": { "line": 66, "column": 90 } },
      "66": { "start": { "line": 67, "column": 0 }, "end": { "line": 67, "column": 28 } },
      "67": { "start": { "line": 68, "column": 0 }, "end": { "line": 68, "column": 7 } },
      "68": { "start": { "line": 69, "column": 0 }, "end": { "line": 69, "column": 5 } },
      "69": { "start": { "line": 70, "column": 0 }, "end": { "line": 70, "column": 3 } },
      "71": { "start": { "line": 72, "column": 0 }, "end": { "line": 72, "column": 11 } },
      "72": { "start": { "line": 73, "column": 0 }, "end": { "line": 73, "column": 14 } },
      "73": { "start": { "line": 74, "column": 0 }, "end": { "line": 74, "column": 1 } },
      "75": { "start": { "line": 76, "column": 0 }, "end": { "line": 76, "column": 32 } },
      "76": { "start": { "line": 77, "column": 0 }, "end": { "line": 77, "column": 48 } },
      "77": { "start": { "line": 78, "column": 0 }, "end": { "line": 78, "column": 26 } },
      "78": { "start": { "line": 79, "column": 0 }, "end": { "line": 79, "column": 24 } },
      "80": { "start": { "line": 81, "column": 0 }, "end": { "line": 81, "column": 36 } },
      "81": { "start": { "line": 82, "column": 0 }, "end": { "line": 82, "column": 41 } },
      "82": { "start": { "line": 83, "column": 0 }, "end": { "line": 83, "column": 43 } },
      "84": { "start": { "line": 85, "column": 0 }, "end": { "line": 85, "column": 35 } },
      "85": { "start": { "line": 86, "column": 0 }, "end": { "line": 86, "column": 87 } },
      "86": { "start": { "line": 87, "column": 0 }, "end": { "line": 87, "column": 13 } },
      "88": { "start": { "line": 89, "column": 0 }, "end": { "line": 89, "column": 64 } },
      "89": { "start": { "line": 90, "column": 0 }, "end": { "line": 90, "column": 66 } },
      "90": { "start": { "line": 91, "column": 0 }, "end": { "line": 91, "column": 32 } },
      "92": { "start": { "line": 93, "column": 0 }, "end": { "line": 93, "column": 34 } },
      "93": { "start": { "line": 94, "column": 0 }, "end": { "line": 94, "column": 35 } },
      "94": { "start": { "line": 95, "column": 0 }, "end": { "line": 95, "column": 64 } },
      "96": { "start": { "line": 97, "column": 0 }, "end": { "line": 97, "column": 40 } },
      "97": { "start": { "line": 98, "column": 0 }, "end": { "line": 98, "column": 64 } },
      "98": { "start": { "line": 99, "column": 0 }, "end": { "line": 99, "column": 58 } },
      "99": { "start": { "line": 100, "column": 0 }, "end": { "line": 100, "column": 16 } },
      "100": { "start": { "line": 101, "column": 0 }, "end": { "line": 101, "column": 40 } },
      "101": { "start": { "line": 102, "column": 0 }, "end": { "line": 102, "column": 9 } },
      "102": { "start": { "line": 103, "column": 0 }, "end": { "line": 103, "column": 7 } },
      "104": { "start": { "line": 105, "column": 0 }, "end": { "line": 105, "column": 95 } },
      "105": { "start": { "line": 106, "column": 0 }, "end": { "line": 106, "column": 58 } },
      "106": { "start": { "line": 107, "column": 0 }, "end": { "line": 107, "column": 23 } },
      "107": { "start": { "line": 108, "column": 0 }, "end": { "line": 108, "column": 5 } },
      "109": { "start": { "line": 110, "column": 0 }, "end": { "line": 110, "column": 47 } },
      "110": { "start": { "line": 111, "column": 0 }, "end": { "line": 111, "column": 69 } },
      "111": { "start": { "line": 112, "column": 0 }, "end": { "line": 112, "column": 66 } },
      "112": { "start": { "line": 113, "column": 0 }, "end": { "line": 113, "column": 48 } },
      "113": { "start": { "line": 114, "column": 0 }, "end": { "line": 114, "column": 60 } },
      "114": { "start": { "line": 115, "column": 0 }, "end": { "line": 115, "column": 99 } },
      "115": { "start": { "line": 116, "column": 0 }, "end": { "line": 116, "column": 92 } },
      "116": { "start": { "line": 117, "column": 0 }, "end": { "line": 117, "column": 27 } },
      "117": { "start": { "line": 118, "column": 0 }, "end": { "line": 118, "column": 65 } },
      "118": { "start": { "line": 119, "column": 0 }, "end": { "line": 119, "column": 9 } },
      "119": { "start": { "line": 120, "column": 0 }, "end": { "line": 120, "column": 7 } },
      "120": { "start": { "line": 121, "column": 0 }, "end": { "line": 121, "column": 5 } },
      "121": { "start": { "line": 122, "column": 0 }, "end": { "line": 122, "column": 3 } },
      "123": { "start": { "line": 124, "column": 0 }, "end": { "line": 124, "column": 19 } },
      "124": { "start": { "line": 125, "column": 0 }, "end": { "line": 125, "column": 39 } },
      "125": { "start": { "line": 126, "column": 0 }, "end": { "line": 126, "column": 40 } },
      "126": { "start": { "line": 127, "column": 0 }, "end": { "line": 127, "column": 15 } },
      "127": { "start": { "line": 128, "column": 0 }, "end": { "line": 128, "column": 3 } },
      "129": { "start": { "line": 130, "column": 0 }, "end": { "line": 130, "column": 14 } },
      "130": { "start": { "line": 131, "column": 0 }, "end": { "line": 131, "column": 1 } },
      "132": { "start": { "line": 133, "column": 0 }, "end": { "line": 133, "column": 17 } },
      "133": { "start": { "line": 134, "column": 0 }, "end": { "line": 134, "column": 49 } },
      "134": { "start": { "line": 135, "column": 0 }, "end": { "line": 135, "column": 49 } },
      "136": { "start": { "line": 137, "column": 0 }, "end": { "line": 137, "column": 20 } },
      "137": { "start": { "line": 138, "column": 0 }, "end": { "line": 138, "column": 23 } },
      "139": { "start": { "line": 140, "column": 0 }, "end": { "line": 140, "column": 34 } },
      "140": { "start": { "line": 141, "column": 0 }, "end": { "line": 141, "column": 9 } },
      "141": { "start": { "line": 142, "column": 0 }, "end": { "line": 142, "column": 37 } },
      "142": { "start": { "line": 143, "column": 0 }, "end": { "line": 143, "column": 32 } },
      "144": { "start": { "line": 145, "column": 0 }, "end": { "line": 145, "column": 33 } },
      "145": { "start": { "line": 146, "column": 0 }, "end": { "line": 146, "column": 32 } },
      "146": { "start": { "line": 147, "column": 0 }, "end": { "line": 147, "column": 25 } },
      "147": { "start": { "line": 148, "column": 0 }, "end": { "line": 148, "column": 9 } },
      "148": { "start": { "line": 149, "column": 0 }, "end": { "line": 149, "column": 7 } },
      "149": { "start": { "line": 150, "column": 0 }, "end": { "line": 150, "column": 21 } },
      "150": { "start": { "line": 151, "column": 0 }, "end": { "line": 151, "column": 60 } },
      "151": { "start": { "line": 152, "column": 0 }, "end": { "line": 152, "column": 5 } },
      "152": { "start": { "line": 153, "column": 0 }, "end": { "line": 153, "column": 3 } },
      "154": { "start": { "line": 155, "column": 0 }, "end": { "line": 155, "column": 40 } },
      "155": { "start": { "line": 156, "column": 0 }, "end": { "line": 156, "column": 54 } },
      "156": { "start": { "line": 157, "column": 0 }, "end": { "line": 157, "column": 52 } },
      "158": { "start": { "line": 159, "column": 0 }, "end": { "line": 159, "column": 26 } },
      "159": { "start": { "line": 160, "column": 0 }, "end": { "line": 160, "column": 43 } },
      "160": { "start": { "line": 161, "column": 0 }, "end": { "line": 161, "column": 35 } },
      "161": { "start": { "line": 162, "column": 0 }, "end": { "line": 162, "column": 43 } },
      "162": { "start": { "line": 163, "column": 0 }, "end": { "line": 163, "column": 46 } },
      "163": { "start": { "line": 164, "column": 0 }, "end": { "line": 164, "column": 75 } },
      "164": { "start": { "line": 165, "column": 0 }, "end": { "line": 165, "column": 44 } },
      "165": { "start": { "line": 166, "column": 0 }, "end": { "line": 166, "column": 10 } },
      "166": { "start": { "line": 167, "column": 0 }, "end": { "line": 167, "column": 49 } },
      "167": { "start": { "line": 168, "column": 0 }, "end": { "line": 168, "column": 3 } },
      "168": { "start": { "line": 169, "column": 0 }, "end": { "line": 169, "column": 1 } },
      "170": { "start": { "line": 171, "column": 0 }, "end": { "line": 171, "column": 54 } },
      "171": { "start": { "line": 172, "column": 0 }, "end": { "line": 172, "column": 8 } },
      "172": { "start": { "line": 173, "column": 0 }, "end": { "line": 173, "column": 1 } }
    },
    "s": {
      "0": 0,
      "2": 0,
      "3": 0,
      "5": 0,
      "6": 0,
      "7": 0,
      "8": 0,
      "9": 0,
      "11": 0,
      "12": 0,
      "13": 0,
      "14": 0,
      "15": 0,
      "16": 0,
      "17": 0,
      "18": 0,
      "19": 0,
      "20": 0,
      "21": 0,
      "22": 0,
      "23": 0,
      "24": 0,
      "25": 0,
      "26": 0,
      "27": 0,
      "28": 0,
      "29": 0,
      "30": 0,
      "31": 0,
      "32": 0,
      "33": 0,
      "34": 0,
      "35": 0,
      "36": 0,
      "37": 0,
      "38": 0,
      "39": 0,
      "40": 0,
      "41": 0,
      "42": 0,
      "43": 0,
      "44": 0,
      "45": 0,
      "46": 0,
      "47": 0,
      "48": 0,
      "49": 0,
      "51": 0,
      "53": 0,
      "54": 0,
      "56": 0,
      "57": 0,
      "59": 0,
      "60": 0,
      "61": 0,
      "63": 0,
      "64": 0,
      "65": 0,
      "66": 0,
      "67": 0,
      "68": 0,
      "69": 0,
      "71": 0,
      "72": 0,
      "73": 0,
      "75": 0,
      "76": 0,
      "77": 0,
      "78": 0,
      "80": 0,
      "81": 0,
      "82": 0,
      "84": 0,
      "85": 0,
      "86": 0,
      "88": 0,
      "89": 0,
      "90": 0,
      "92": 0,
      "93": 0,
      "94": 0,
      "96": 0,
      "97": 0,
      "98": 0,
      "99": 0,
      "100": 0,
      "101": 0,
      "102": 0,
      "104": 0,
      "105": 0,
      "106": 0,
      "107": 0,
      "109": 0,
      "110": 0,
      "111": 0,
      "112": 0,
      "113": 0,
      "114": 0,
      "115": 0,
      "116": 0,
      "117": 0,
      "118": 0,
      "119": 0,
      "120": 0,
      "121": 0,
      "123": 0,
      "124": 0,
      "125": 0,
      "126": 0,
      "127": 0,
      "129": 0,
      "130": 0,
      "132": 0,
      "133": 0,
      "134": 0,
      "136": 0,
      "137": 0,
      "139": 0,
      "140": 0,
      "141": 0,
      "142": 0,
      "144": 0,
      "145": 0,
      "146": 0,
      "147": 0,
      "148": 0,
      "149": 0,
      "150": 0,
      "151": 0,
      "152": 0,
      "154": 0,
      "155": 0,
      "156": 0,
      "158": 0,
      "159": 0,
      "160": 0,
      "161": 0,
      "162": 0,
      "163": 0,
      "164": 0,
      "165": 0,
      "166": 0,
      "167": 0,
      "168": 0,
      "170": 0,
      "171": 0,
      "172": 0
    },
    "branchMap": {
      "0": {
        "type": "branch",
        "line": 1,
        "loc": { "start": { "line": 1, "column": 0 }, "end": { "line": 173, "column": -354 } },
        "locations": [
          { "start": { "line": 1, "column": 0 }, "end": { "line": 173, "column": -354 } }
        ]
      }
    },
    "b": { "0": [0] },
    "fnMap": {
      "0": {
        "name": "(empty-report)",
        "decl": { "start": { "line": 1, "column": 0 }, "end": { "line": 173, "column": -354 } },
        "loc": { "start": { "line": 1, "column": 0 }, "end": { "line": 173, "column": -354 } },
        "line": 1
      }
    },
    "f": { "0": 0 }
  },
  "/Users/oliver/GitHub/newth-project/src/App.tsx": {
    "path": "/Users/oliver/GitHub/newth-project/src/App.tsx",
    "all": true,
    "statementMap": {
      "0": { "start": { "line": 1, "column": 0 }, "end": { "line": 1, "column": 48 } },
      "1": { "start": { "line": 2, "column": 0 }, "end": { "line": 2, "column": 40 } },
      "2": { "start": { "line": 3, "column": 0 }, "end": { "line": 3, "column": 31 } },
      "3": { "start": { "line": 4, "column": 0 }, "end": { "line": 4, "column": 49 } },
      "4": { "start": { "line": 5, "column": 0 }, "end": { "line": 5, "column": 39 } },
      "6": { "start": { "line": 7, "column": 0 }, "end": { "line": 7, "column": 16 } },
      "7": { "start": { "line": 8, "column": 0 }, "end": { "line": 8, "column": 10 } },
      "8": { "start": { "line": 9, "column": 0 }, "end": { "line": 9, "column": 12 } },
      "9": { "start": { "line": 10, "column": 0 }, "end": { "line": 10, "column": 14 } },
      "10": { "start": { "line": 11, "column": 0 }, "end": { "line": 11, "column": 45 } },
      "11": { "start": { "line": 12, "column": 0 }, "end": { "line": 12, "column": 69 } },
      "12": { "start": { "line": 13, "column": 0 }, "end": { "line": 13, "column": 49 } },
      "13": { "start": { "line": 14, "column": 0 }, "end": { "line": 14, "column": 15 } },
      "14": { "start": { "line": 15, "column": 0 }, "end": { "line": 15, "column": 13 } },
      "16": { "start": { "line": 17, "column": 0 }, "end": { "line": 17, "column": 1 } },
      "18": { "start": { "line": 19, "column": 0 }, "end": { "line": 19, "column": 18 } }
    },
    "s": {
      "0": 0,
      "1": 0,
      "2": 0,
      "3": 0,
      "4": 0,
      "6": 0,
      "7": 0,
      "8": 0,
      "9": 0,
      "10": 0,
      "11": 0,
      "12": 0,
      "13": 0,
      "14": 0,
      "16": 0,
      "18": 0
    },
    "branchMap": {
      "0": {
        "type": "branch",
        "line": 1,
        "loc": { "start": { "line": 1, "column": 490 }, "end": { "line": 19, "column": 18 } },
        "locations": [
          { "start": { "line": 1, "column": 490 }, "end": { "line": 19, "column": 18 } }
        ]
      }
    },
    "b": { "0": [0] },
    "fnMap": {
      "0": {
        "name": "(empty-report)",
        "decl": { "start": { "line": 1, "column": 490 }, "end": { "line": 19, "column": 18 } },
        "loc": { "start": { "line": 1, "column": 490 }, "end": { "line": 19, "column": 18 } },
        "line": 1
      }
    },
    "f": { "0": 0 }
  },
  "/Users/oliver/GitHub/newth-project/src/main.tsx": {
    "path": "/Users/oliver/GitHub/newth-project/src/main.tsx",
    "all": true,
    "statementMap": {
      "0": { "start": { "line": 1, "column": 0 }, "end": { "line": 1, "column": 25 } },
      "1": { "start": { "line": 2, "column": 0 }, "end": { "line": 2, "column": 39 } },
      "2": { "start": { "line": 3, "column": 0 }, "end": { "line": 3, "column": 48 } },
      "3": { "start": { "line": 4, "column": 0 }, "end": { "line": 4, "column": 20 } },
      "4": { "start": { "line": 5, "column": 0 }, "end": { "line": 5, "column": 23 } },
      "6": { "start": { "line": 7, "column": 0 }, "end": { "line": 7, "column": 51 } },
      "7": { "start": { "line": 8, "column": 0 }, "end": { "line": 8, "column": 18 } },
      "8": { "start": { "line": 9, "column": 0 }, "end": { "line": 9, "column": 37 } },
      "9": { "start": { "line": 10, "column": 0 }, "end": { "line": 10, "column": 1 } },
      "12": { "start": { "line": 13, "column": 0 }, "end": { "line": 13, "column": 41 } },
      "13": { "start": { "line": 14, "column": 0 }, "end": { "line": 14, "column": 20 } },
      "14": { "start": { "line": 15, "column": 0 }, "end": { "line": 15, "column": 19 } },
      "15": { "start": { "line": 16, "column": 0 }, "end": { "line": 16, "column": 13 } },
      "16": { "start": { "line": 17, "column": 0 }, "end": { "line": 17, "column": 20 } },
      "17": { "start": { "line": 18, "column": 0 }, "end": { "line": 18, "column": 21 } },
      "18": { "start": { "line": 19, "column": 0 }, "end": { "line": 19, "column": 1 } }
    },
    "s": {
      "0": 0,
      "1": 0,
      "2": 0,
      "3": 0,
      "4": 0,
      "6": 0,
      "7": 0,
      "8": 0,
      "9": 0,
      "12": 0,
      "13": 0,
      "14": 0,
      "15": 0,
      "16": 0,
      "17": 0,
      "18": 0
    },
    "branchMap": {
      "0": {
        "type": "branch",
        "line": 1,
        "loc": { "start": { "line": 1, "column": 412 }, "end": { "line": 19, "column": -328 } },
        "locations": [
          { "start": { "line": 1, "column": 412 }, "end": { "line": 19, "column": -328 } }
        ]
      }
    },
    "b": { "0": [0] },
    "fnMap": {
      "0": {
        "name": "(empty-report)",
        "decl": { "start": { "line": 1, "column": 412 }, "end": { "line": 19, "column": -328 } },
        "loc": { "start": { "line": 1, "column": 412 }, "end": { "line": 19, "column": -328 } },
        "line": 1
      }
    },
    "f": { "0": 0 }
  },
  "/Users/oliver/GitHub/newth-project/src/components/Layout.tsx": {
    "path": "/Users/oliver/GitHub/newth-project/src/components/Layout.tsx",
    "all": true,
    "statementMap": {
      "1": { "start": { "line": 2, "column": 0 }, "end": { "line": 2, "column": 46 } },
      "7": { "start": { "line": 8, "column": 0 }, "end": { "line": 8, "column": 47 } },
      "8": { "start": { "line": 9, "column": 0 }, "end": { "line": 9, "column": 32 } },
      "11": { "start": { "line": 12, "column": 0 }, "end": { "line": 12, "column": 68 } },
      "13": { "start": { "line": 14, "column": 0 }, "end": { "line": 14, "column": 25 } },
      "14": { "start": { "line": 15, "column": 0 }, "end": { "line": 15, "column": 71 } },
      "15": { "start": { "line": 16, "column": 0 }, "end": { "line": 16, "column": 3 } },
      "18": { "start": { "line": 19, "column": 0 }, "end": { "line": 19, "column": 24 } },
      "19": { "start": { "line": 20, "column": 0 }, "end": { "line": 20, "column": 1 } },
      "21": { "start": { "line": 22, "column": 0 }, "end": { "line": 22, "column": 21 } }
    },
    "s": { "1": 0, "7": 0, "8": 0, "11": 0, "13": 0, "14": 0, "15": 0, "18": 0, "19": 0, "21": 0 },
    "branchMap": {
      "0": {
        "type": "branch",
        "line": 1,
        "loc": { "start": { "line": 1, "column": 565 }, "end": { "line": 22, "column": 21 } },
        "locations": [
          { "start": { "line": 1, "column": 565 }, "end": { "line": 22, "column": 21 } }
        ]
      }
    },
    "b": { "0": [1] },
    "fnMap": {
      "0": {
        "name": "(empty-report)",
        "decl": { "start": { "line": 1, "column": 565 }, "end": { "line": 22, "column": 21 } },
        "loc": { "start": { "line": 1, "column": 565 }, "end": { "line": 22, "column": 21 } },
        "line": 1
      }
    },
    "f": { "0": 1 }
  },
  "/Users/oliver/GitHub/newth-project/src/components/LoadingSpinner.tsx": {
    "path": "/Users/oliver/GitHub/newth-project/src/components/LoadingSpinner.tsx",
    "all": false,
    "statementMap": {
      "0": { "start": { "line": 1, "column": 0 }, "end": { "line": 1, "column": 30 } },
      "1": { "start": { "line": 2, "column": 0 }, "end": { "line": 2, "column": 10 } },
      "2": { "start": { "line": 3, "column": 0 }, "end": { "line": 3, "column": 68 } },
      "3": { "start": { "line": 4, "column": 0 }, "end": { "line": 4, "column": 115 } },
      "4": { "start": { "line": 5, "column": 0 }, "end": { "line": 5, "column": 10 } },
      "6": { "start": { "line": 7, "column": 0 }, "end": { "line": 7, "column": 1 } },
      "8": { "start": { "line": 9, "column": 0 }, "end": { "line": 9, "column": 29 } }
    },
    "s": { "0": 1, "1": 0, "2": 0, "3": 0, "4": 0, "6": 0, "8": 1 },
    "branchMap": {},
    "b": {},
    "fnMap": {
      "0": {
        "name": "LoadingSpinner",
        "decl": { "start": { "line": 1, "column": 23 }, "end": { "line": 7, "column": 1 } },
        "loc": { "start": { "line": 1, "column": 23 }, "end": { "line": 7, "column": 1 } },
        "line": 1
      }
    },
    "f": { "0": 0 }
  },
  "/Users/oliver/GitHub/newth-project/src/components/WidgetCard.tsx": {
    "path": "/Users/oliver/GitHub/newth-project/src/components/WidgetCard.tsx",
    "all": false,
    "statementMap": {
      "0": { "start": { "line": 1, "column": 0 }, "end": { "line": 1, "column": 49 } },
      "1": { "start": { "line": 2, "column": 0 }, "end": { "line": 2, "column": 97 } },
      "2": { "start": { "line": 3, "column": 0 }, "end": { "line": 3, "column": 34 } },
      "3": { "start": { "line": 4, "column": 0 }, "end": { "line": 4, "column": 36 } },
      "4": { "start": { "line": 5, "column": 0 }, "end": { "line": 5, "column": 45 } },
      "5": { "start": { "line": 6, "column": 0 }, "end": { "line": 6, "column": 66 } },
      "6": { "start": { "line": 7, "column": 0 }, "end": { "line": 7, "column": 60 } },
      "13": { "start": { "line": 14, "column": 0 }, "end": { "line": 14, "column": 46 } },
      "14": { "start": { "line": 15, "column": 0 }, "end": { "line": 15, "column": 89 } },
      "15": { "start": { "line": 16, "column": 0 }, "end": { "line": 16, "column": 63 } },
      "18": { "start": { "line": 19, "column": 0 }, "end": { "line": 19, "column": 3 } },
      "20": { "start": { "line": 21, "column": 0 }, "end": { "line": 21, "column": 35 } },
      "21": { "start": { "line": 22, "column": 0 }, "end": { "line": 22, "column": 1 } },
      "23": { "start": { "line": 24, "column": 0 }, "end": { "line": 24, "column": 57 } },
      "24": { "start": { "line": 25, "column": 0 }, "end": { "line": 25, "column": 59 } },
      "25": { "start": { "line": 26, "column": 0 }, "end": { "line": 26, "column": 57 } },
      "27": { "start": { "line": 28, "column": 0 }, "end": { "line": 28, "column": 34 } },
      "28": { "start": { "line": 29, "column": 0 }, "end": { "line": 29, "column": 38 } },
      "29": { "start": { "line": 30, "column": 0 }, "end": { "line": 30, "column": 3 } },
      "31": { "start": { "line": 32, "column": 0 }, "end": { "line": 32, "column": 31 } },
      "32": { "start": { "line": 33, "column": 0 }, "end": { "line": 33, "column": 26 } },
      "33": { "start": { "line": 34, "column": 0 }, "end": { "line": 34, "column": 3 } },
      "35": { "start": { "line": 36, "column": 0 }, "end": { "line": 36, "column": 10 } },
[...]
      "340": 15,
      "341": 15,
      "342": 15,
      "343": 15,
      "344": 15,
      "345": 15,
      "346": 15,
      "348": 15,
      "349": 15,
      "350": 15,
      "351": 15,
      "352": 15,
      "354": 15,
      "355": 15,
      "356": 15,
      "357": 15,
      "359": 15,
      "360": 15,
      "361": 15,
      "362": 15,
      "363": 15,
      "364": 15,
      "365": 15,
      "366": 15,
      "367": 15,
      "368": 15,
      "369": 15,
      "370": 15,
      "372": 15,
      "373": 15,
      "374": 15,
      "375": 15,
      "377": 15,
      "378": 15,
      "379": 15,
      "380": 15,
      "381": 15,
      "382": 15,
      "383": 15,
      "384": 15,
      "386": 15,
      "387": 15,
      "388": 15,
      "389": 15,
      "390": 15,
      "392": 15,
      "393": 15,
      "394": 15,
      "395": 15,
      "397": 15,
      "398": 15,
      "399": 15,
      "400": 15,
      "401": 15,
      "402": 15,
      "405": 15,
      "406": 15,
      "407": 15,
      "408": 15,
      "409": 15,
      "410": 15,
      "411": 15,
      "412": 15,
      "413": 15,
      "415": 15,
      "416": 15,
      "418": 15,
      "419": 15,
      "420": 15,
      "421": 15,
      "422": 15,
      "424": 15,
      "425": 15,
      "426": 15,
      "427": 15,
      "429": 15,
      "430": 15,
      "431": 15,
      "432": 15,
      "434": 15,
      "435": 15,
      "436": 15,
      "437": 15,
      "439": 15,
      "440": 15,
      "441": 15,
      "442": 15,
      "443": 15,
      "445": 15,
      "446": 15,
      "447": 15,
      "448": 15,
      "450": 15,
      "451": 15,
      "452": 15,
      "453": 15,
      "455": 15,
      "456": 15,
      "457": 15,
      "458": 15,
      "460": 15,
      "461": 15,
      "462": 15,
      "463": 15,
      "464": 15,
      "466": 15,
      "467": 15,
      "468": 15,
      "469": 15,
      "471": 15,
      "472": 15,
      "473": 15,
      "474": 15,
      "476": 15,
      "477": 15,
      "478": 15,
      "479": 15,
      "480": 15,
      "482": 15,
      "484": 15,
      "485": 15,
      "486": 15,
      "487": 15,
      "488": 15,
      "490": 15,
      "491": 15,
      "493": 15,
      "494": 15,
      "496": 15,
      "497": 15,
      "498": 15,
      "499": 15,
      "500": 15,
      "501": 15,
      "502": 15,
      "503": 15,
      "505": 15
    },
    "branchMap": {
      "0": {
        "type": "branch",
        "line": 28,
        "loc": { "start": { "line": 28, "column": 0 }, "end": { "line": 506, "column": 1 } },
        "locations": [{ "start": { "line": 28, "column": 0 }, "end": { "line": 506, "column": 1 } }]
      },
      "1": {
        "type": "branch",
        "line": 31,
        "loc": { "start": { "line": 31, "column": 12 }, "end": { "line": 46, "column": 5 } },
        "locations": [{ "start": { "line": 31, "column": 12 }, "end": { "line": 46, "column": 5 } }]
      },
      "2": {
        "type": "branch",
        "line": 45,
        "loc": { "start": { "line": 45, "column": 11 }, "end": { "line": 45, "column": 67 } },
        "locations": [
          { "start": { "line": 45, "column": 11 }, "end": { "line": 45, "column": 67 } }
        ]
      },
      "3": {
        "type": "branch",
        "line": 255,
        "loc": { "start": { "line": 255, "column": 24 }, "end": { "line": 268, "column": 19 } },
        "locations": [
          { "start": { "line": 255, "column": 24 }, "end": { "line": 268, "column": 19 } }
        ]
      },
      "4": {
        "type": "branch",
        "line": 291,
        "loc": { "start": { "line": 291, "column": 28 }, "end": { "line": 295, "column": 22 } },
        "locations": [
          { "start": { "line": 291, "column": 28 }, "end": { "line": 295, "column": 22 } }
        ]
      }
    },
    "b": { "0": [15], "1": [15], "2": [15], "3": [90], "4": [90] },
    "fnMap": {
      "0": {
        "name": "Home",
        "decl": { "start": { "line": 28, "column": 0 }, "end": { "line": 506, "column": 1 } },
        "loc": { "start": { "line": 28, "column": 0 }, "end": { "line": 506, "column": 1 } },
        "line": 28
      },
      "1": {
        "name": "handleScroll",
        "decl": { "start": { "line": 34, "column": 25 }, "end": { "line": 42, "column": 5 } },
        "loc": { "start": { "line": 34, "column": 25 }, "end": { "line": 42, "column": 5 } },
        "line": 34
      }
    },
    "f": { "0": 15, "1": 0 }
  },
  "/Users/oliver/GitHub/newth-project/src/pages/NotFound.tsx": {
    "path": "/Users/oliver/GitHub/newth-project/src/pages/NotFound.tsx",
    "all": true,
    "statementMap": {
      "0": { "start": { "line": 1, "column": 0 }, "end": { "line": 1, "column": 46 } },
      "2": { "start": { "line": 3, "column": 0 }, "end": { "line": 3, "column": 24 } },
      "3": { "start": { "line": 4, "column": 0 }, "end": { "line": 4, "column": 32 } },
      "5": { "start": { "line": 6, "column": 0 }, "end": { "line": 6, "column": 10 } },
      "6": { "start": { "line": 7, "column": 0 }, "end": { "line": 7, "column": 58 } },
      "7": { "start": { "line": 8, "column": 0 }, "end": { "line": 8, "column": 82 } },
      "8": { "start": { "line": 9, "column": 0 }, "end": { "line": 9, "column": 72 } },
      "9": { "start": { "line": 10, "column": 0 }, "end": { "line": 10, "column": 107 } },
      "10": { "start": { "line": 11, "column": 0 }, "end": { "line": 11, "column": 28 } },
      "11": { "start": { "line": 12, "column": 0 }, "end": { "line": 12, "column": 97 } },
      "12": { "start": { "line": 13, "column": 0 }, "end": { "line": 13, "column": 12 } },
      "13": { "start": { "line": 14, "column": 0 }, "end": { "line": 14, "column": 49 } },
      "14": { "start": { "line": 15, "column": 0 }, "end": { "line": 15, "column": 47 } },
      "15": { "start": { "line": 16, "column": 0 }, "end": { "line": 16, "column": 20 } },
      "16": { "start": { "line": 17, "column": 0 }, "end": { "line": 17, "column": 35 } },
      "17": { "start": { "line": 18, "column": 0 }, "end": { "line": 18, "column": 13 } },
      "18": { "start": { "line": 19, "column": 0 }, "end": { "line": 19, "column": 12 } },
      "19": { "start": { "line": 20, "column": 0 }, "end": { "line": 20, "column": 10 } },
      "21": { "start": { "line": 22, "column": 0 }, "end": { "line": 22, "column": 1 } },
      "23": { "start": { "line": 24, "column": 0 }, "end": { "line": 24, "column": 23 } }
    },
    "s": {
      "0": 0,
      "2": 0,
      "3": 0,
      "5": 0,
      "6": 0,
      "7": 0,
      "8": 0,
      "9": 0,
      "10": 0,
      "11": 0,
      "12": 0,
      "13": 0,
      "14": 0,
      "15": 0,
      "16": 0,
      "17": 0,
      "18": 0,
      "19": 0,
      "21": 0,
      "23": 0
    },
    "branchMap": {
      "0": {
        "type": "branch",
        "line": 1,
        "loc": { "start": { "line": 1, "column": 804 }, "end": { "line": 24, "column": 23 } },
        "locations": [
          { "start": { "line": 1, "column": 804 }, "end": { "line": 24, "column": 23 } }
        ]
      }
    },
    "b": { "0": [0] },
    "fnMap": {
      "0": {
        "name": "(empty-report)",
        "decl": { "start": { "line": 1, "column": 804 }, "end": { "line": 24, "column": 23 } },
        "loc": { "start": { "line": 1, "column": 804 }, "end": { "line": 24, "column": 23 } },
        "line": 1
      }
    },
    "f": { "0": 0 }
  },
  "/Users/oliver/GitHub/newth-project/src/types/widget.ts": {
    "path": "/Users/oliver/GitHub/newth-project/src/types/widget.ts",
    "all": true,
    "statementMap": {},
    "s": {},
    "branchMap": {
      "0": {
        "type": "branch",
        "line": 1,
        "loc": { "start": { "line": 1, "column": 130 }, "end": { "line": 8, "column": 1 } },
        "locations": [{ "start": { "line": 1, "column": 130 }, "end": { "line": 8, "column": 1 } }]
      }
    },
    "b": { "0": [1] },
    "fnMap": {
      "0": {
        "name": "(empty-report)",
        "decl": { "start": { "line": 1, "column": 130 }, "end": { "line": 8, "column": 1 } },
        "loc": { "start": { "line": 1, "column": 130 }, "end": { "line": 8, "column": 1 } },
        "line": 1
      }
    },
    "f": { "0": 1 }
  },
  "/Users/oliver/GitHub/newth-project/src/utils/icons.ts": {
    "path": "/Users/oliver/GitHub/newth-project/src/utils/icons.ts",
    "all": true,
    "statementMap": {
      "10": { "start": { "line": 11, "column": 0 }, "end": { "line": 11, "column": 8 } },
      "82": { "start": { "line": 83, "column": 0 }, "end": { "line": 83, "column": 27 } },
      "83": { "start": { "line": 84, "column": 0 }, "end": { "line": 84, "column": 24 } },
      "84": { "start": { "line": 85, "column": 0 }, "end": { "line": 85, "column": 18 } },
      "85": { "start": { "line": 86, "column": 0 }, "end": { "line": 86, "column": 29 } },
      "86": { "start": { "line": 87, "column": 0 }, "end": { "line": 87, "column": 18 } },
      "87": { "start": { "line": 88, "column": 0 }, "end": { "line": 88, "column": 24 } },
      "88": { "start": { "line": 89, "column": 0 }, "end": { "line": 89, "column": 24 } },
      "89": { "start": { "line": 90, "column": 0 }, "end": { "line": 90, "column": 10 } },
      "94": { "start": { "line": 95, "column": 0 }, "end": { "line": 95, "column": 29 } },
      "95": { "start": { "line": 96, "column": 0 }, "end": { "line": 96, "column": 15 } },
      "96": { "start": { "line": 97, "column": 0 }, "end": { "line": 97, "column": 17 } },
      "97": { "start": { "line": 98, "column": 0 }, "end": { "line": 98, "column": 21 } },
      "98": { "start": { "line": 99, "column": 0 }, "end": { "line": 99, "column": 15 } },
      "99": { "start": { "line": 100, "column": 0 }, "end": { "line": 100, "column": 15 } },
      "100": { "start": { "line": 101, "column": 0 }, "end": { "line": 101, "column": 21 } },
      "101": { "start": { "line": 102, "column": 0 }, "end": { "line": 102, "column": 10 } },
      "106": { "start": { "line": 107, "column": 0 }, "end": { "line": 107, "column": 29 } },
      "108": { "start": { "line": 109, "column": 0 }, "end": { "line": 109, "column": 54 } },
      "109": { "start": { "line": 110, "column": 0 }, "end": { "line": 110, "column": 48 } },
      "110": { "start": { "line": 111, "column": 0 }, "end": { "line": 111, "column": 45 } },
      "113": { "start": { "line": 114, "column": 0 }, "end": { "line": 114, "column": 43 } },
      "114": { "start": { "line": 115, "column": 0 }, "end": { "line": 115, "column": 44 } },
      "115": { "start": { "line": 116, "column": 0 }, "end": { "line": 116, "column": 47 } },
      "116": { "start": { "line": 117, "column": 0 }, "end": { "line": 117, "column": 42 } },
      "119": { "start": { "line": 120, "column": 0 }, "end": { "line": 120, "column": 51 } },
      "120": { "start": { "line": 121, "column": 0 }, "end": { "line": 121, "column": 45 } },
      "121": { "start": { "line": 122, "column": 0 }, "end": { "line": 122, "column": 47 } },
      "122": { "start": { "line": 123, "column": 0 }, "end": { "line": 123, "column": 41 } },
      "125": { "start": { "line": 126, "column": 0 }, "end": { "line": 126, "column": 42 } },
      "126": { "start": { "line": 127, "column": 0 }, "end": { "line": 127, "column": 49 } },
      "127": { "start": { "line": 128, "column": 0 }, "end": { "line": 128, "column": 53 } },
      "128": { "start": { "line": 129, "column": 0 }, "end": { "line": 129, "column": 58 } },
      "131": { "start": { "line": 132, "column": 0 }, "end": { "line": 132, "column": 44 } },
      "132": { "start": { "line": 133, "column": 0 }, "end": { "line": 133, "column": 44 } },
      "133": { "start": { "line": 134, "column": 0 }, "end": { "line": 134, "column": 46 } },
      "134": { "start": { "line": 135, "column": 0 }, "end": { "line": 135, "column": 46 } },
      "135": { "start": { "line": 136, "column": 0 }, "end": { "line": 136, "column": 44 } },
      "136": { "start": { "line": 137, "column": 0 }, "end": { "line": 137, "column": 10 } },
      "148": { "start": { "line": 149, "column": 0 }, "end": { "line": 149, "column": 63 } },
      "149": { "start": { "line": 150, "column": 0 }, "end": { "line": 150, "column": 25 } },
      "150": { "start": { "line": 151, "column": 0 }, "end": { "line": 151, "column": 1 } },
      "155": { "start": { "line": 156, "column": 0 }, "end": { "line": 156, "column": 54 } },
      "156": { "start": { "line": 157, "column": 0 }, "end": { "line": 157, "column": 26 } },
      "157": { "start": { "line": 158, "column": 0 }, "end": { "line": 158, "column": 1 } },
      "162": { "start": { "line": 163, "column": 0 }, "end": { "line": 163, "column": 29 } },
      "163": { "start": { "line": 164, "column": 0 }, "end": { "line": 164, "column": 26 } },
      "164": { "start": { "line": 165, "column": 0 }, "end": { "line": 165, "column": 41 } },
      "165": { "start": { "line": 166, "column": 0 }, "end": { "line": 166, "column": 33 } },
      "166": { "start": { "line": 167, "column": 0 }, "end": { "line": 167, "column": 34 } },
      "167": { "start": { "line": 168, "column": 0 }, "end": { "line": 168, "column": 28 } },
      "168": { "start": { "line": 169, "column": 0 }, "end": { "line": 169, "column": 29 } },
      "169": { "start": { "line": 170, "column": 0 }, "end": { "line": 170, "column": 24 } },
      "172": { "start": { "line": 173, "column": 0 }, "end": { "line": 173, "column": 79 } },
      "173": { "start": { "line": 174, "column": 0 }, "end": { "line": 174, "column": 55 } },
      "176": { "start": { "line": 177, "column": 0 }, "end": { "line": 177, "column": 23 } },
      "177": { "start": { "line": 178, "column": 0 }, "end": { "line": 178, "column": 23 } },
      "178": { "start": { "line": 179, "column": 0 }, "end": { "line": 179, "column": 23 } },
      "179": { "start": { "line": 180, "column": 0 }, "end": { "line": 180, "column": 23 } },
      "180": { "start": { "line": 181, "column": 0 }, "end": { "line": 181, "column": 23 } },
      "181": { "start": { "line": 182, "column": 0 }, "end": { "line": 182, "column": 10 } }
    },
    "s": {
      "10": 0,
      "82": 0,
      "83": 0,
      "84": 0,
      "85": 0,
      "86": 0,
      "87": 0,
      "88": 0,
      "89": 0,
      "94": 0,
      "95": 0,
      "96": 0,
      "97": 0,
      "98": 0,
      "99": 0,
      "100": 0,
      "101": 0,
      "106": 0,
      "108": 0,
      "109": 0,
      "110": 0,
      "113": 0,
      "114": 0,
      "115": 0,
      "116": 0,
      "119": 0,
      "120": 0,
      "121": 0,
      "122": 0,
      "125": 0,
      "126": 0,
      "127": 0,
      "128": 0,
      "131": 0,
      "132": 0,
      "133": 0,
      "134": 0,
      "135": 0,
      "136": 0,
      "148": 0,
      "149": 0,
      "150": 0,
      "155": 0,
      "156": 0,
      "157": 0,
      "162": 0,
      "163": 0,
      "164": 0,
      "165": 0,
      "166": 0,
      "167": 0,
      "168": 0,
      "169": 0,
      "172": 0,
      "173": 0,
      "176": 0,
      "177": 0,
      "178": 0,
      "179": 0,
      "180": 0,
      "181": 0
    },
    "branchMap": {
      "0": {
        "type": "branch",
        "line": 1,
        "loc": { "start": { "line": 1, "column": 4320 }, "end": { "line": 199, "column": 3 } },
        "locations": [
          { "start": { "line": 1, "column": 4320 }, "end": { "line": 199, "column": 3 } }
        ]
      }
    },
    "b": { "0": [1] },
    "fnMap": {
      "0": {
        "name": "(empty-report)",
        "decl": { "start": { "line": 1, "column": 4320 }, "end": { "line": 199, "column": 3 } },
        "loc": { "start": { "line": 1, "column": 4320 }, "end": { "line": 199, "column": 3 } },
        "line": 1
      }
    },
    "f": { "0": 1 }
  },
  "/Users/oliver/GitHub/newth-project/src/utils/widgets.ts": {
    "path": "/Users/oliver/GitHub/newth-project/src/utils/widgets.ts",
    "all": false,
    "statementMap": {
      "1": { "start": { "line": 2, "column": 0 }, "end": { "line": 2, "column": 55 } },
      "3": { "start": { "line": 4, "column": 0 }, "end": { "line": 4, "column": 91 } },
      "4": { "start": { "line": 5, "column": 0 }, "end": { "line": 5, "column": 43 } },
      "5": { "start": { "line": 6, "column": 0 }, "end": { "line": 6, "column": 18 } },
      "6": { "start": { "line": 7, "column": 0 }, "end": { "line": 7, "column": 3 } },
      "7": { "start": { "line": 8, "column": 0 }, "end": { "line": 8, "column": 65 } },
      "8": { "start": { "line": 9, "column": 0 }, "end": { "line": 9, "column": 1 } },
      "10": { "start": { "line": 11, "column": 0 }, "end": { "line": 11, "column": 85 } },
      "11": { "start": { "line": 12, "column": 0 }, "end": { "line": 12, "column": 51 } },
      "12": { "start": { "line": 13, "column": 0 }, "end": { "line": 13, "column": 1 } },
      "14": { "start": { "line": 15, "column": 0 }, "end": { "line": 15, "column": 78 } },
      "15": { "start": { "line": 16, "column": 0 }, "end": { "line": 16, "column": 63 } },
      "16": { "start": { "line": 17, "column": 0 }, "end": { "line": 17, "column": 1 } }
    },
    "s": {
      "1": 1,
      "3": 1,
      "4": 7,
      "5": 0,
      "6": 0,
      "7": 7,
      "8": 7,
      "10": 1,
      "11": 2,
      "12": 2,
      "14": 1,
      "15": 3,
      "16": 3
    },
    "branchMap": {
      "0": {
        "type": "branch",
        "line": 4,
        "loc": { "start": { "line": 4, "column": 39 }, "end": { "line": 9, "column": 1 } },
        "locations": [{ "start": { "line": 4, "column": 39 }, "end": { "line": 9, "column": 1 } }]
      },
      "1": {
        "type": "branch",
        "line": 5,
        "loc": { "start": { "line": 5, "column": 42 }, "end": { "line": 7, "column": 3 } },
        "locations": [{ "start": { "line": 5, "column": 42 }, "end": { "line": 7, "column": 3 } }]
      },
      "2": {
        "type": "branch",
        "line": 8,
        "loc": { "start": { "line": 8, "column": 24 }, "end": { "line": 8, "column": 64 } },
        "locations": [{ "start": { "line": 8, "column": 24 }, "end": { "line": 8, "column": 64 } }]
      },
      "3": {
        "type": "branch",
        "line": 11,
        "loc": { "start": { "line": 11, "column": 29 }, "end": { "line": 13, "column": 1 } },
        "locations": [{ "start": { "line": 11, "column": 29 }, "end": { "line": 13, "column": 1 } }]
      },
      "4": {
        "type": "branch",
        "line": 12,
        "loc": { "start": { "line": 12, "column": 22 }, "end": { "line": 12, "column": 50 } },
        "locations": [
          { "start": { "line": 12, "column": 22 }, "end": { "line": 12, "column": 50 } }
        ]
      },
      "5": {
        "type": "branch",
        "line": 15,
        "loc": { "start": { "line": 15, "column": 31 }, "end": { "line": 17, "column": 1 } },
        "locations": [{ "start": { "line": 15, "column": 31 }, "end": { "line": 17, "column": 1 } }]
      },
      "6": {
        "type": "branch",
        "line": 16,
        "loc": { "start": { "line": 16, "column": 24 }, "end": { "line": 16, "column": 62 } },
        "locations": [
          { "start": { "line": 16, "column": 24 }, "end": { "line": 16, "column": 62 } }
        ]
      }
    },
    "b": { "0": [7], "1": [0], "2": [7], "3": [2], "4": [2], "5": [3], "6": [4] },
    "fnMap": {
      "0": {
        "name": "filterWidgetsByCategory",
        "decl": { "start": { "line": 4, "column": 39 }, "end": { "line": 9, "column": 1 } },
        "loc": { "start": { "line": 4, "column": 39 }, "end": { "line": 9, "column": 1 } },
        "line": 4
      },
      "1": {
        "name": "getWidgetById",
        "decl": { "start": { "line": 11, "column": 29 }, "end": { "line": 13, "column": 1 } },
        "loc": { "start": { "line": 11, "column": 29 }, "end": { "line": 13, "column": 1 } },
        "line": 11
      },
      "2": {
        "name": "getWidgetsByTag",
        "decl": { "start": { "line": 15, "column": 31 }, "end": { "line": 17, "column": 1 } },
        "loc": { "start": { "line": 15, "column": 31 }, "end": { "line": 17, "column": 1 } },
        "line": 15
      }
    },
    "f": { "0": 7, "1": 2, "2": 3 }
  }
}
